2018-03-23 17:11:46 - news_fetcher - INFO - [x] Fetcher message to How Your Pay Stacks Up With the CEO’s
2018-03-23 17:11:50 - news_monitor - INFO - [x] Sent message to Officer fights for life after hostage swap
2018-03-23 17:11:50 - news_monitor - INFO - [x] Sent message to 'No way' spy nerve agent came from UK lab
2018-03-23 17:11:50 - news_monitor - INFO - [x] Sent message to US signs $1.3tn deal to avoid shutdown
2018-03-23 17:11:50 - news_monitor - INFO - [x] Sent message to Legal action against Catalans escalates
2018-03-23 17:11:50 - news_monitor - INFO - [x] Sent message to Trump 'tried to pay for sex' - ex-model
2018-03-23 17:11:50 - news_monitor - INFO - [x] Sent message to Elon Musk pulls brands from Facebook
2018-03-23 17:11:50 - news_monitor - INFO - [x] Sent message to Sensor firm 'baffled' by self-driving death
2018-03-23 17:11:50 - news_monitor - INFO - [x] Sent message to Beached whales die en masse in Australia
2018-03-23 17:11:50 - news_monitor - INFO - [x] Sent message to US family found dead in Mexican resort
2018-03-23 17:11:50 - news_monitor - INFO - [x] Sent message to Iranians 'hack hundreds of universities'
2018-03-23 17:11:50 - news_monitor - INFO - [x] Sent message to Netherlands 0-1 England
2018-03-23 17:11:50 - news_monitor - INFO - [x] Sent message to Scotland 0-1 Costa Rica
2018-03-23 17:11:50 - news_monitor - INFO - [x] Sent message to Sport Relief 2018 Live
2018-03-23 17:11:50 - news_monitor - INFO - [x] Sent message to Mark Sampson brandished pole while verbally abusing an official at Euro 2017
2018-03-23 17:11:50 - news_monitor - INFO - [x] Sent message to England fans: More than 100 arrests made by police over two days in Amsterdam
2018-03-23 17:11:50 - news_monitor - INFO - [x] Sent message to Miami Open: Johanna Konta beats Kirsten Flipkens in second round
2018-03-23 17:11:50 - news_monitor - INFO - [x] Sent message to Sport Relief: Jamie Vardy gets the Sir Bobby Charlton treatment
2018-03-23 17:11:50 - news_monitor - INFO - [x] Sent message to World Cup Qualifier: Afghans progress by beating Ireland in Super Sixes finale
2018-03-23 17:11:50 - news_monitor - INFO - [x] Sent message to Usain Bolt says he will 'try to get footage' of Borussia Dortmund trial to Jose Mourinho
2018-03-23 17:11:50 - news_monitor - INFO - [x] Sent message to Premiership: Bath 18-20 Exeter Chiefs
2018-03-23 17:11:50 - news_monitor - INFO - [x] Sent message to A Horror Week for the Dow Has Investors Begging for Trump Respite
2018-03-23 17:11:50 - news_monitor - INFO - [x] Sent message to Attorney General Proposes Rule to Ban Firearm Bump Stocks
2018-03-23 17:11:50 - news_monitor - INFO - [x] Sent message to U.K. Watchdog Gets Warrant to Search Cambridge Analytica Offices
2018-03-23 17:11:50 - news_monitor - INFO - [x] Sent message to Aides Urge Trump to Expel Russian Envoys Over U.K. Attack
2018-03-23 17:11:50 - news_monitor - INFO - [x] Sent message to Nevada Regulator to Examine Galaxy After Deal for Wynn Shares
2018-03-23 17:11:50 - news_monitor - INFO - [x] Sent message to The World's Richest Have Lost $436 Billion Since Late January
2018-03-23 17:11:50 - news_monitor - INFO - [x] Sent message to Bloomberg Brackets for a Cause
2018-03-23 17:11:50 - news_monitor - INFO - [x] Sent message to Why America Is So Scared of China’s Biggest Tech Company
2018-03-23 17:11:50 - news_monitor - INFO - [x] Sent message to The Manhattan Luxury-Home Market Is Screaming: I'm Overpriced!
2018-03-23 17:11:50 - news_monitor - INFO - [x] Sent message to Rolex Fans Have Been Waiting Since 2014 for This Watch
2018-03-23 17:11:50 - news_monitor - INFO - [x] Sent message to Trump moves closer to banning bump stocks
2018-03-23 17:11:50 - news_monitor - INFO - [x] Sent message to Trump: Bump stocks will be gone - CNN Video
2018-03-23 17:11:50 - news_monitor - INFO - [x] Sent message to How the NRA went crazy
2018-03-23 17:11:50 - news_monitor - INFO - [x] Sent message to Parkland students press Washington for gun control ahead of March for Our Lives
2018-03-23 17:11:50 - news_monitor - INFO - [x] Sent message to What you should know about the March for Our Lives
2018-03-23 17:11:50 - news_monitor - INFO - [x] Sent message to 9 takeaways from Karen McDougal's interview
2018-03-23 17:11:50 - news_monitor - INFO - [x] Sent message to McDougal appears in photo with Trump family - CNN Video
2018-03-23 17:11:50 - news_monitor - INFO - [x] Sent message to Melania Trump Rides to Air Force One solo
2018-03-23 17:11:50 - news_monitor - INFO - [x] Sent message to Iowa family found dead in Mexico
2018-03-23 17:11:50 - news_monitor - INFO - [x] Sent message to Dow sheds more than 1,100 points in two days as trade jitters rock Wall Street
2018-03-23 17:11:50 - news_monitor - INFO - [x] Sent message to A Disney princess on the 'Rise': Breaking Big with Auli'i Cravalho
2018-03-23 17:11:50 - news_monitor - INFO - [x] Sent message to <em>Superhero Insider</em>: The women stole the show on <em>Black Lightning</em>, <em>Legends of Tomorrow</em>
2018-03-23 17:11:50 - news_monitor - INFO - [x] Sent message to Claire Foy goes <em>Unsane</em> for Steven Soderbergh's iPhone thriller
2018-03-23 17:11:50 - news_monitor - INFO - [x] Sent message to Harry Connick Jr. to star in musical adaptation of <em>The Sting</em>
2018-03-23 17:11:50 - news_monitor - INFO - [x] Sent message to Taylor Swift makes rare political statement in support of 'March for Our Lives'
2018-03-23 17:11:50 - news_monitor - INFO - [x] Sent message to This Week's Must List: 'Supernatural', Toni Braxton, and 'Isle of Dogs'
2018-03-23 17:11:50 - news_monitor - INFO - [x] Sent message to <em>RuPaul's Drag Race</em> eliminee spills tea on Monét's sponge eleganza: 'The b— didn’t finish her dress!'
2018-03-23 17:11:50 - news_monitor - INFO - [x] Sent message to <em>Final Portrait </em>is a delightful film that goes nowhere: EW review
2018-03-23 17:11:50 - news_monitor - INFO - [x] Sent message to Watch a clip from new documentary about the real story behind <em>Midnight Express</em>
2018-03-23 17:11:50 - news_monitor - INFO - [x] Sent message to <em>The Good Doctor</em> finale clip: See Shaun's reaction to Glassman's diagnosis
2018-03-23 17:11:50 - news_monitor - INFO - [x] Sent message to West Virginia vs. Villanova - Game Summary - March 23, 2018 - ESPN
2018-03-23 17:11:50 - news_monitor - INFO - [x] Sent message to Clemson vs. Kansas - Game Summary - March 23, 2018 - ESPN
2018-03-23 17:11:50 - news_monitor - INFO - [x] Sent message to 2018 March Madness Predictions
2018-03-23 17:11:50 - news_monitor - INFO - [x] Sent message to Grayson Allen makes peace with being Grayson Allen
2018-03-23 17:11:50 - news_monitor - INFO - [x] Sent message to Everything you need to know for Friday's Sweet 16 games
2018-03-23 17:11:50 - news_monitor - INFO - [x] Sent message to UConn coach Geno Auriemma is only pretending to be okay
2018-03-23 17:11:50 - news_monitor - INFO - [x] Sent message to Kyrie Irving: One and done to No. 1
2018-03-23 17:11:50 - news_monitor - INFO - [x] Sent message to Kiper's 2018 Big Board and position rankings: How many QBs in Round 1?
2018-03-23 17:11:50 - news_monitor - INFO - [x] Sent message to Lowe's 10 things: The Cavs look unstoppable again
2018-03-23 17:11:50 - news_monitor - INFO - [x] Sent message to Baseball's new World Series-winning philosophy? Lose. A lot
2018-03-23 17:11:50 - news_monitor - INFO - [x] Sent message to Sea of Thieves: 9 Tips and Tricks to Get You Started - IGN Video
2018-03-23 17:11:50 - news_monitor - INFO - [x] Sent message to The Tech Behind Harold Halibut's Art Style Is Insane - IGN Video
2018-03-23 17:11:50 - news_monitor - INFO - [x] Sent message to Fireteam Chat Ep. 155 - Destiny 2 Course Corrections with Guest MsTeamKK - IGN's Destiny Show - IGN Video
2018-03-23 17:11:50 - news_monitor - INFO - [x] Sent message to How to Earn Titles - Sea of Thieves Wiki Guide - IGN
2018-03-23 17:11:50 - news_monitor - INFO - [x] Sent message to R.I.P. Meltdown Comics and Nerdmelt Showroom - IGN
2018-03-23 17:11:50 - news_monitor - INFO - [x] Sent message to Far Cry 5 - Rescuing the Best Good Boy, Boomer - IGN Plays Live - IGN Video
2018-03-23 17:11:50 - news_monitor - INFO - [x] Sent message to Things Ni No Kuni 2 Doesn't Tell You - Ni No Kuni 2: Revenant Kingdom Wiki Guide - IGN
2018-03-23 17:11:50 - news_monitor - INFO - [x] Sent message to Why We're Still Excited for Below After Five Years - IGN Video
2018-03-23 17:11:50 - news_monitor - INFO - [x] Sent message to Flipping Death is Funny and a Whole Lot of Fun - IGN Video
2018-03-23 17:11:50 - news_monitor - INFO - [x] Sent message to God of War May Change Your Mind on Sidekicks - IGN Daily Fix - IGN Video
2018-03-23 17:11:50 - news_monitor - INFO - [x] Sent message to A brief history of the epic battle over the fate of Qualcomm
2018-03-23 17:11:50 - news_monitor - INFO - [x] Sent message to John Oliver helps you explain cryptocurrencies to your neighbor
2018-03-23 17:11:50 - news_monitor - INFO - [x] Sent message to Dropbox sets IPO range $16-18, valuing it below $10B, as Salesforce ponies up $100M
2018-03-23 17:11:50 - news_monitor - INFO - [x] Sent message to Platform power is crushing the web, warns Berners-Lee
2018-03-23 17:11:50 - news_monitor - INFO - [x] Sent message to After Another Week of Chaos, Trump Heads to Palm Beach. No One Knows What Comes Next.
2018-03-23 17:11:50 - news_monitor - INFO - [x] Sent message to Even by Trump Standards, a Lot Has Happened This Week. Let Us Catch You Up.
2018-03-23 17:11:50 - news_monitor - INFO - [x] Sent message to Trump Says He May Veto Spending Bill, Risking Government Shutdown
2018-03-23 17:11:50 - news_monitor - INFO - [x] Sent message to Bolton Was Early Beneficiary of Cambridge Analytica’s Facebook Data
2018-03-23 17:11:50 - news_monitor - INFO - [x] Sent message to British Authorities Search Offices of Cambridge Analytica
2018-03-23 17:11:50 - news_monitor - INFO - [x] Sent message to ‘The Whole World Should Be Concerned’: U.S. Allies React to Bolton’s Appointment
2018-03-23 17:11:50 - news_monitor - INFO - [x] Sent message to With Bolton, Trump Creates a Historically Hard-Line Foreign Policy Team
2018-03-23 17:11:50 - news_monitor - INFO - [x] Sent message to For the U.S. and China, a Technology Cold War That’s Freezing Over
2018-03-23 17:11:50 - news_monitor - INFO - [x] Sent message to Trump Just Pushed the World Trade Organization Toward Irrelevance
2018-03-23 17:11:50 - news_monitor - INFO - [x] Sent message to Tariff Battle: Where the U.S. and Chinese Moves May Lead
2018-03-23 17:11:50 - news_monitor - INFO - [x] Sent message to U.S. Stocks Tumble Into the Close
2018-03-23 17:11:50 - news_monitor - INFO - [x] Sent message to Trump Relishes Off-Script Approach
2018-03-23 17:11:50 - news_monitor - INFO - [x] Sent message to China Started the Trade War, Not Trump
2018-03-23 17:11:50 - news_monitor - INFO - [x] Sent message to How Countries Won U.S. Tariffs Exemptions: Retaliation Threats, Intense Lobbying and an Emphasis on Alliances
2018-03-23 17:11:50 - news_monitor - INFO - [x] Sent message to Facebook Tries to Calm Advertisers After Cambridge Analytica Crisis
2018-03-23 17:11:50 - news_monitor - INFO - [x] Sent message to U.S. Charges Nine Iranians With Cyber Attack Campaign
2018-03-23 17:11:50 - news_monitor - INFO - [x] Sent message to Dropbox Shares Jump in Market Debut
2018-03-23 17:11:50 - news_monitor - INFO - [x] Sent message to John Bolton Changes U.S.-North Korea Equation
2018-03-23 17:11:50 - news_monitor - INFO - [x] Sent message to Syria’s Cycle: Siege, Starve, Surrender, Repeat
2018-03-23 17:11:50 - news_monitor - INFO - [x] Sent message to Uber Crash Highlights Growing Safety Concern: Pedestrians
2018-03-23 17:11:50 - news_monitor - INFO - [x] Sent message to Trump signs massive spending bill, but not before a little drama
2018-03-23 17:11:50 - news_monitor - INFO - [x] Sent message to Analysis | The bad bill is Congress’s fault, says the dealmaking swamp-drainer
2018-03-23 17:11:50 - news_monitor - INFO - [x] Sent message to Analysis | Why is Trump threatening to veto a spending bill hours before a shutdown deadline?
2018-03-23 17:11:50 - news_monitor - INFO - [x] Sent message to Analysis | Trump would rather just complain
2018-03-23 17:11:50 - news_monitor - INFO - [x] Sent message to ‘You should do it’: Trump officials encouraged George Papadopoulos’s foreign outreach, documents show.
2018-03-23 17:11:50 - news_monitor - INFO - [x] Sent message to U.S. stocks slip in afternoon trading as trade war rhetoric escalates
2018-03-23 17:11:50 - news_monitor - INFO - [x] Sent message to Attorney says Roy Moore supporters offered him $10,000 to drop client who accused the Senate candidate of sexual impropriety
2018-03-23 17:11:50 - news_monitor - INFO - [x] Sent message to John Bolton, famously abrasive, is an experienced operator in the ‘swamp’
2018-03-23 17:11:50 - news_monitor - INFO - [x] Sent message to The extraordinary number of kids who have endured school shootings since Columbine
2018-03-23 17:11:50 - news_monitor - INFO - [x] Sent message to Analysis | The young voices that feel excluded from the March for Our Lives
2018-03-23 17:11:52 - news_fetcher - INFO - [x] Fetcher message to Zuckerberg Gets Another Call to Testify to Congress
2018-03-23 17:11:57 - news_fetcher - INFO - [x] Fetcher message to This Mexican City Is So Dangerous That Coke Femsa Is Pulling Out
2018-03-23 17:12:04 - news_fetcher - INFO - [x] Fetcher message to The Trump era has been very good to Iraq War hawks
2018-03-23 17:12:10 - news_fetcher - INFO - [x] Fetcher message to Ex-Cambridge Analytica staff say Bolton super PAC used compromised Facebook data
2018-03-23 17:12:16 - news_fetcher - INFO - [x] Fetcher message to Bolton: My past comments are behind me - CNN Video
2018-03-23 17:12:23 - news_fetcher - INFO - [x] Fetcher message to What stands between John Bolton and blowing up the world?
2018-03-23 17:12:29 - news_fetcher - INFO - [x] Fetcher message to John Bolton has decade-long association with anti-Islam activist Pamela Geller
2018-03-23 17:12:35 - news_fetcher - INFO - [x] Fetcher message to Bush-era diplomat tweets you should be scared
2018-03-23 17:12:41 - news_fetcher - INFO - [x] Fetcher message to President Trump shakes up legal team - CNN Video
2018-03-23 17:12:47 - news_fetcher - INFO - [x] Fetcher message to 9 takeaways from Karen McDougal's interview
2018-03-23 17:12:52 - news_fetcher - INFO - [x] Fetcher message to McDougal appears in photo with Trump family - CNN Video
2018-03-23 17:12:58 - news_fetcher - INFO - [x] Fetcher message to Melania Trump Rides to Air Force One solo
2018-03-23 17:13:03 - news_fetcher - INFO - [x] Fetcher message to A Disney princess on the 'Rise': Breaking Big with Auli'i Cravalho
2018-03-23 17:13:08 - news_fetcher - INFO - [x] Fetcher message to Harry Connick Jr. to star in musical adaptation of <em>The Sting</em>
2018-03-23 17:13:13 - news_fetcher - INFO - [x] Fetcher message to Taylor Swift makes rare political statement in support of 'March for Our Lives'
2018-03-23 17:13:19 - news_fetcher - INFO - [x] Fetcher message to This Week's Must List: 'Supernatural', Toni Braxton, and 'Isle of Dogs'
2018-03-23 17:13:25 - news_fetcher - INFO - [x] Fetcher message to <em>RuPaul's Drag Race</em> eliminee spills tea on Monét's sponge eleganza: 'The b— didn’t finish her dress!'
2018-03-23 17:13:30 - news_fetcher - INFO - [x] Fetcher message to <em>Final Portrait </em>is a delightful film that goes nowhere: EW review
2018-03-23 17:13:35 - news_fetcher - INFO - [x] Fetcher message to Watch a clip from new documentary about the real story behind <em>Midnight Express</em>
2018-03-23 17:13:41 - news_fetcher - INFO - [x] Fetcher message to <em>The Good Doctor</em> finale clip: See Shaun's reaction to Glassman's diagnosis
2018-03-23 17:13:46 - news_fetcher - INFO - [x] Fetcher message to <em>Legion</em> season 2 is less than the sum of its colorful parts: EW review
2018-03-23 17:13:52 - news_fetcher - INFO - [x] Fetcher message to <em>Transparent</em> star Jay Duplass: 'Implosion of our family' doesn't mean show's over
2018-03-23 17:13:58 - news_fetcher - INFO - [x] Fetcher message to Clemson vs. Kansas - Game Summary - March 23, 2018 - ESPN
2018-03-23 17:14:04 - news_fetcher - INFO - [x] Fetcher message to 2018 March Madness Predictions
2018-03-23 17:14:09 - news_fetcher - INFO - [x] Fetcher message to Grayson Allen makes peace with being Grayson Allen
2018-03-23 17:14:15 - news_fetcher - INFO - [x] Fetcher message to Everything you need to know for Friday's Sweet 16 games
2018-03-23 17:14:21 - news_fetcher - INFO - [x] Fetcher message to Kyrie Irving: One and done to No. 1
2018-03-23 17:14:26 - news_fetcher - INFO - [x] Fetcher message to UConn coach Geno Auriemma is only pretending to be okay
2018-03-23 17:14:32 - news_fetcher - INFO - [x] Fetcher message to Kiper's 2018 Big Board and position rankings: How many QBs in Round 1?
2018-03-23 17:14:37 - news_fetcher - INFO - [x] Fetcher message to Lowe's 10 things: The Cavs look unstoppable again
2018-03-23 17:14:44 - news_fetcher - INFO - [x] Fetcher message to Baseball's new World Series-winning philosophy? Lose. A lot
2018-03-23 17:14:49 - news_fetcher - INFO - [x] Fetcher message to The 2018 Uni Watch MLB preview
2018-03-23 17:14:56 - news_fetcher - INFO - [x] Fetcher message to Things Ni No Kuni 2 Doesn't Tell You - Ni No Kuni 2: Revenant Kingdom Wiki Guide - IGN
2018-03-23 17:15:02 - news_fetcher - INFO - [x] Fetcher message to Why We're Still Excited for Below After Five Years - IGN Video
2018-03-23 17:15:08 - news_fetcher - INFO - [x] Fetcher message to Flipping Death is Funny and a Whole Lot of Fun - IGN Video
2018-03-23 17:15:14 - news_fetcher - INFO - [x] Fetcher message to God of War May Change Your Mind on Sidekicks - IGN Daily Fix - IGN Video
2018-03-23 17:15:20 - news_fetcher - INFO - [x] Fetcher message to How PUBG Corp. Brought the Core PUBG Experience to Mobile - IGN
2018-03-23 17:15:26 - news_fetcher - INFO - [x] Fetcher message to 9 New Features in the Galaxy S9 - IGN Video
2018-03-23 17:15:32 - news_fetcher - INFO - [x] Fetcher message to WonderCon 2018 Cosplay: Black Panther, Pokemon, Disney and More - IGN
2018-03-23 17:15:38 - news_fetcher - INFO - [x] Fetcher message to How Stress of Working on Batman Comics Inspired The Shadow Hours - IGN Video
2018-03-23 17:15:45 - news_fetcher - INFO - [x] Fetcher message to The Best Switch Game From Nintendo's 2018 Spring Nindies Showcase - NVC Ep. 400 - IGN
2018-03-23 17:15:50 - news_fetcher - INFO - [x] Fetcher message to GDC 2018: Pro-Union Game Developers Are Ready to Fight for Change - IGN
2018-03-23 17:15:55 - news_fetcher - INFO - [x] Fetcher message to A brief history of the epic battle over the fate of Qualcomm
2018-03-23 17:16:01 - news_fetcher - INFO - [x] Fetcher message to John Oliver helps you explain cryptocurrencies to your neighbor
2018-03-23 17:16:07 - news_fetcher - INFO - [x] Fetcher message to Dropbox sets IPO range $16-18, valuing it below $10B, as Salesforce ponies up $100M
2018-03-23 17:16:12 - news_fetcher - INFO - [x] Fetcher message to Platform power is crushing the web, warns Berners-Lee
2018-03-23 17:16:17 - news_fetcher - INFO - [x] Fetcher message to After Another Week of Chaos, Trump Heads to Palm Beach. No One Knows What Comes Next.
2018-03-23 17:16:23 - news_fetcher - INFO - [x] Fetcher message to Even by Trump Standards, a Lot Has Happened This Week. Let Us Catch You Up.
2018-03-23 17:16:29 - news_fetcher - INFO - [x] Fetcher message to Trump Says He May Veto Spending Bill, Risking Government Shutdown
2018-03-23 17:16:34 - news_fetcher - INFO - [x] Fetcher message to Bolton Was Early Beneficiary of Cambridge Analytica’s Facebook Data
2018-03-23 17:16:39 - news_fetcher - INFO - [x] Fetcher message to ‘The Whole World Should Be Concerned’: U.S. Allies React to Bolton’s Appointment
2018-03-23 17:16:46 - news_fetcher - INFO - [x] Fetcher message to With Bolton, Trump Creates a Historically Hard-Line Foreign Policy Team
2018-03-23 17:16:52 - news_fetcher - INFO - [x] Fetcher message to For the U.S. and China, a Technology Cold War That’s Freezing Over
2018-03-23 17:17:49 - news_fetcher - INFO - [x] Fetcher message to Trump Just Pushed the World Trade Organization Toward Irrelevance
2018-03-23 17:17:55 - news_fetcher - INFO - [x] Fetcher message to Tariff Battle: Where the U.S. and Chinese Moves May Lead
2018-03-23 17:18:00 - news_fetcher - INFO - [x] Fetcher message to Uber’s Self-Driving Cars Were Struggling Before Arizona Crash
2018-03-23 17:18:06 - news_fetcher - INFO - [x] Fetcher message to U.S. Stocks Tumble Into the Close
2018-03-23 17:18:12 - news_fetcher - INFO - [x] Fetcher message to China Started the Trade War, Not Trump
2018-03-23 17:18:18 - news_fetcher - INFO - [x] Fetcher message to Donald Trump Signs Spending Bill After Threatening to Veto It
2018-03-23 17:18:25 - news_fetcher - INFO - [x] Fetcher message to How Countries Won U.S. Tariffs Exemptions: Retaliation Threats, Intense Lobbying and an Emphasis on Alliances
2018-03-23 17:18:30 - news_fetcher - INFO - [x] Fetcher message to Facebook Tries to Calm Advertisers After Cambridge Analytica Crisis
2018-03-23 17:18:37 - news_fetcher - INFO - [x] Fetcher message to Dropbox Shares Jump in Market Debut
2018-03-23 17:18:42 - news_fetcher - INFO - [x] Fetcher message to U.S. Charges Nine Iranians With Cyber Attack Campaign
2018-03-23 17:18:48 - news_fetcher - INFO - [x] Fetcher message to John Bolton Changes U.S.-North Korea Equation
2018-03-23 17:18:54 - news_fetcher - INFO - [x] Fetcher message to Syria’s Cycle: Siege, Starve, Surrender, Repeat
2018-03-23 17:19:00 - news_fetcher - INFO - [x] Fetcher message to Uber Crash Highlights Growing Safety Concern: Pedestrians
2018-03-23 17:19:05 - news_fetcher - INFO - [x] Fetcher message to Trump threatens to veto omnibus bill because it does not address DACA recipients
2018-03-23 17:19:11 - news_fetcher - INFO - [x] Fetcher message to Analysis | The bad bill is Congress’s fault, says the dealmaking swamp-drainer
2018-03-23 17:19:16 - news_fetcher - INFO - [x] Fetcher message to Analysis | Why is Trump threatening to veto a spending bill hours before a shutdown deadline?
2018-03-23 17:19:21 - news_fetcher - INFO - [x] Fetcher message to Analysis | Trump would rather just complain
2018-03-23 17:19:27 - news_fetcher - INFO - [x] Fetcher message to ‘You should do it’: Trump officials encouraged George Papadopoulos’s foreign outreach, documents show.
2018-03-23 17:19:32 - news_fetcher - INFO - [x] Fetcher message to Attorney says Roy Moore supporters offered him $10,000 to drop client who accused the Senate candidate of sexual impropriety
2018-03-23 17:19:37 - news_fetcher - INFO - [x] Fetcher message to U.S. stocks slip in afternoon trading as trade war rhetoric escalates
2018-03-23 17:19:44 - news_fetcher - INFO - [x] Fetcher message to The extraordinary number of kids who have endured school shootings since Columbine
2018-03-23 17:19:49 - news_fetcher - INFO - [x] Fetcher message to Analysis | The young voices that feel excluded from the March for Our Lives
2018-03-23 17:19:54 - news_fetcher - INFO - [x] Fetcher message to Students take the lead, but politicians will be out in force at March for Our Lives
2018-03-23 17:20:00 - news_fetcher - INFO - [x] Fetcher message to Officer fights for life after hostage swap
2018-03-23 17:20:06 - news_fetcher - INFO - [x] Fetcher message to 'No way' spy nerve agent came from UK lab
2018-03-23 17:20:13 - news_fetcher - INFO - [x] Fetcher message to US signs $1.3tn deal to avoid shutdown
2018-03-23 17:20:19 - news_fetcher - INFO - [x] Fetcher message to Legal action against Catalans escalates
2018-03-23 17:20:26 - news_fetcher - INFO - [x] Fetcher message to Trump 'tried to pay for sex' - ex-model
2018-03-23 17:20:33 - news_fetcher - INFO - [x] Fetcher message to Elon Musk pulls brands from Facebook
2018-03-23 17:20:40 - news_fetcher - INFO - [x] Fetcher message to Sensor firm 'baffled' by self-driving death
2018-03-23 17:20:46 - news_fetcher - INFO - [x] Fetcher message to Beached whales die en masse in Australia
2018-03-23 17:20:52 - news_fetcher - INFO - [x] Fetcher message to US family found dead in Mexican resort
2018-03-23 17:20:58 - news_fetcher - INFO - [x] Fetcher message to Iranians 'hack hundreds of universities'
2018-03-23 17:21:05 - news_fetcher - INFO - [x] Fetcher message to Netherlands 0-1 England
2018-03-23 17:21:11 - news_fetcher - INFO - [x] Fetcher message to Scotland 0-1 Costa Rica
2018-03-23 17:21:22 - news_fetcher - INFO - [x] Fetcher message to Sport Relief 2018 Live
2018-03-23 17:21:28 - news_fetcher - INFO - [x] Fetcher message to Mark Sampson brandished pole while verbally abusing an official at Euro 2017
2018-03-23 17:21:35 - news_fetcher - INFO - [x] Fetcher message to England fans: More than 100 arrests made by police over two days in Amsterdam
2018-03-23 17:21:41 - news_fetcher - INFO - [x] Fetcher message to Miami Open: Johanna Konta beats Kirsten Flipkens in second round
2018-03-23 17:21:48 - news_fetcher - INFO - [x] Fetcher message to Sport Relief: Jamie Vardy gets the Sir Bobby Charlton treatment
2018-03-23 17:21:54 - news_fetcher - INFO - [x] Fetcher message to World Cup Qualifier: Afghans progress by beating Ireland in Super Sixes finale
2018-03-23 17:22:01 - news_fetcher - INFO - [x] Fetcher message to Usain Bolt says he will 'try to get footage' of Borussia Dortmund trial to Jose Mourinho
2018-03-23 17:22:07 - news_fetcher - INFO - [x] Fetcher message to Premiership: Bath 18-20 Exeter Chiefs
2018-03-23 17:22:13 - news_fetcher - INFO - [x] Fetcher message to A Horror Week for the Dow Has Investors Begging for Trump Respite
2018-03-23 17:22:19 - news_fetcher - INFO - [x] Fetcher message to Attorney General Proposes Rule to Ban Firearm Bump Stocks
2018-03-23 17:22:24 - news_fetcher - INFO - [x] Fetcher message to U.K. Watchdog Gets Warrant to Search Cambridge Analytica Offices
2018-03-23 17:22:30 - news_fetcher - INFO - [x] Fetcher message to Aides Urge Trump to Expel Russian Envoys Over U.K. Attack
2018-03-23 17:22:36 - news_fetcher - INFO - [x] Fetcher message to Nevada Regulator to Examine Galaxy After Deal for Wynn Shares
2018-03-23 17:22:42 - news_fetcher - INFO - [x] Fetcher message to The World's Richest Have Lost $436 Billion Since Late January
2018-03-23 17:22:47 - news_fetcher - INFO - [x] Fetcher message to Bloomberg Brackets for a Cause
2018-03-23 17:22:53 - news_fetcher - INFO - [x] Fetcher message to Why America Is So Scared of China’s Biggest Tech Company
2018-03-23 17:22:58 - news_fetcher - INFO - [x] Fetcher message to The Manhattan Luxury-Home Market Is Screaming: I'm Overpriced!
2018-03-23 17:23:04 - news_fetcher - INFO - [x] Fetcher message to Rolex Fans Have Been Waiting Since 2014 for This Watch
2018-03-23 17:23:10 - news_fetcher - INFO - [x] Fetcher message to Trump moves closer to banning bump stocks
2018-03-23 17:23:15 - news_fetcher - INFO - [x] Fetcher message to Trump: Bump stocks will be gone - CNN Video
2018-03-23 17:23:21 - news_fetcher - INFO - [x] Fetcher message to How the NRA went crazy
2018-03-23 17:23:28 - news_fetcher - INFO - [x] Fetcher message to Parkland students press Washington for gun control ahead of March for Our Lives
2018-03-23 17:23:34 - news_fetcher - INFO - [x] Fetcher message to What you should know about the March for Our Lives
2018-03-23 17:23:40 - news_fetcher - INFO - [x] Fetcher message to 9 takeaways from Karen McDougal's interview
2018-03-23 17:23:45 - news_fetcher - INFO - [x] Fetcher message to McDougal appears in photo with Trump family - CNN Video
2018-03-23 17:23:51 - news_fetcher - INFO - [x] Fetcher message to Melania Trump Rides to Air Force One solo
2018-03-23 17:23:57 - news_fetcher - INFO - [x] Fetcher message to Iowa family found dead in Mexico
2018-03-23 17:24:02 - news_fetcher - INFO - [x] Fetcher message to Dow sheds more than 1,100 points in two days as trade jitters rock Wall Street
2018-03-23 17:24:07 - news_fetcher - INFO - [x] Fetcher message to A Disney princess on the 'Rise': Breaking Big with Auli'i Cravalho
2018-03-23 17:28:36 - news_fetcher - INFO - [x] Fetcher message to <em>Superhero Insider</em>: The women stole the show on <em>Black Lightning</em>, <em>Legends of Tomorrow</em>
2018-03-23 17:28:42 - news_fetcher - INFO - [x] Fetcher message to Claire Foy goes <em>Unsane</em> for Steven Soderbergh's iPhone thriller
2018-03-23 17:28:47 - news_fetcher - INFO - [x] Fetcher message to Harry Connick Jr. to star in musical adaptation of <em>The Sting</em>
2018-03-23 17:28:53 - news_fetcher - INFO - [x] Fetcher message to Taylor Swift makes rare political statement in support of 'March for Our Lives'
2018-03-23 17:28:59 - news_fetcher - INFO - [x] Fetcher message to This Week's Must List: 'Supernatural', Toni Braxton, and 'Isle of Dogs'
2018-03-23 17:29:04 - news_fetcher - INFO - [x] Fetcher message to <em>RuPaul's Drag Race</em> eliminee spills tea on Monét's sponge eleganza: 'The b— didn’t finish her dress!'
2018-03-23 17:29:10 - news_fetcher - INFO - [x] Fetcher message to <em>Final Portrait </em>is a delightful film that goes nowhere: EW review
2018-03-23 17:29:15 - news_fetcher - INFO - [x] Fetcher message to Watch a clip from new documentary about the real story behind <em>Midnight Express</em>
2018-03-23 17:29:20 - news_fetcher - INFO - [x] Fetcher message to <em>The Good Doctor</em> finale clip: See Shaun's reaction to Glassman's diagnosis
2018-03-23 17:29:27 - news_fetcher - INFO - [x] Fetcher message to West Virginia vs. Villanova - Game Summary - March 23, 2018 - ESPN
2018-03-23 17:29:32 - news_fetcher - INFO - [x] Fetcher message to Clemson vs. Kansas - Game Summary - March 23, 2018 - ESPN
2018-03-23 17:29:38 - news_fetcher - INFO - [x] Fetcher message to 2018 March Madness Predictions
2018-03-23 17:29:43 - news_fetcher - INFO - [x] Fetcher message to Grayson Allen makes peace with being Grayson Allen
2018-03-23 17:29:49 - news_fetcher - INFO - [x] Fetcher message to Everything you need to know for Friday's Sweet 16 games
2018-03-23 17:29:54 - news_fetcher - INFO - [x] Fetcher message to UConn coach Geno Auriemma is only pretending to be okay
2018-03-23 17:30:00 - news_fetcher - INFO - [x] Fetcher message to Kyrie Irving: One and done to No. 1
2018-03-23 17:30:05 - news_fetcher - INFO - [x] Fetcher message to Kiper's 2018 Big Board and position rankings: How many QBs in Round 1?
2018-03-23 17:30:11 - news_fetcher - INFO - [x] Fetcher message to Lowe's 10 things: The Cavs look unstoppable again
2018-03-23 17:30:17 - news_fetcher - INFO - [x] Fetcher message to Baseball's new World Series-winning philosophy? Lose. A lot
2018-03-23 17:30:23 - news_fetcher - INFO - [x] Fetcher message to Sea of Thieves: 9 Tips and Tricks to Get You Started - IGN Video
2018-03-23 17:30:28 - news_fetcher - INFO - [x] Fetcher message to The Tech Behind Harold Halibut's Art Style Is Insane - IGN Video
2018-03-23 17:30:35 - news_fetcher - INFO - [x] Fetcher message to Fireteam Chat Ep. 155 - Destiny 2 Course Corrections with Guest MsTeamKK - IGN's Destiny Show - IGN Video
2018-03-23 17:30:40 - news_fetcher - INFO - [x] Fetcher message to How to Earn Titles - Sea of Thieves Wiki Guide - IGN
2018-03-23 17:30:47 - news_fetcher - INFO - [x] Fetcher message to R.I.P. Meltdown Comics and Nerdmelt Showroom - IGN
2018-03-23 17:30:53 - news_fetcher - INFO - [x] Fetcher message to Far Cry 5 - Rescuing the Best Good Boy, Boomer - IGN Plays Live - IGN Video
2018-03-23 17:30:58 - news_fetcher - INFO - [x] Fetcher message to Things Ni No Kuni 2 Doesn't Tell You - Ni No Kuni 2: Revenant Kingdom Wiki Guide - IGN
2018-03-23 17:31:04 - news_fetcher - INFO - [x] Fetcher message to Why We're Still Excited for Below After Five Years - IGN Video
2018-03-23 17:31:09 - news_fetcher - INFO - [x] Fetcher message to Flipping Death is Funny and a Whole Lot of Fun - IGN Video
2018-03-23 17:33:06 - news_fetcher - INFO - [x] Fetcher message to God of War May Change Your Mind on Sidekicks - IGN Daily Fix - IGN Video
2018-03-23 17:33:12 - news_fetcher - INFO - [x] Fetcher message to A brief history of the epic battle over the fate of Qualcomm
2018-03-23 17:33:17 - news_fetcher - INFO - [x] Fetcher message to John Oliver helps you explain cryptocurrencies to your neighbor
2018-03-23 17:33:22 - news_fetcher - INFO - [x] Fetcher message to Dropbox sets IPO range $16-18, valuing it below $10B, as Salesforce ponies up $100M
2018-03-23 17:33:27 - news_fetcher - INFO - [x] Fetcher message to Platform power is crushing the web, warns Berners-Lee
2018-03-23 17:33:33 - news_fetcher - INFO - [x] Fetcher message to After Another Week of Chaos, Trump Heads to Palm Beach. No One Knows What Comes Next.
2018-03-23 17:33:38 - news_fetcher - INFO - [x] Fetcher message to Even by Trump Standards, a Lot Has Happened This Week. Let Us Catch You Up.
2018-03-23 17:33:44 - news_fetcher - INFO - [x] Fetcher message to Trump Says He May Veto Spending Bill, Risking Government Shutdown
2018-03-23 17:33:49 - news_fetcher - INFO - [x] Fetcher message to Bolton Was Early Beneficiary of Cambridge Analytica’s Facebook Data
2018-03-23 17:33:54 - news_fetcher - INFO - [x] Fetcher message to British Authorities Search Offices of Cambridge Analytica
2018-03-23 17:33:59 - news_fetcher - INFO - [x] Fetcher message to ‘The Whole World Should Be Concerned’: U.S. Allies React to Bolton’s Appointment
2018-03-23 17:34:05 - news_fetcher - INFO - [x] Fetcher message to With Bolton, Trump Creates a Historically Hard-Line Foreign Policy Team
2018-03-23 17:34:10 - news_fetcher - INFO - [x] Fetcher message to For the U.S. and China, a Technology Cold War That’s Freezing Over
2018-03-23 17:34:15 - news_fetcher - INFO - [x] Fetcher message to Trump Just Pushed the World Trade Organization Toward Irrelevance
2018-03-23 17:34:21 - news_fetcher - INFO - [x] Fetcher message to Tariff Battle: Where the U.S. and Chinese Moves May Lead
2018-03-23 17:34:26 - news_fetcher - INFO - [x] Fetcher message to U.S. Stocks Tumble Into the Close
2018-03-23 17:50:53 - news_fetcher - INFO - [x] Fetcher message to Trump Relishes Off-Script Approach
2018-03-23 17:50:59 - news_fetcher - INFO - [x] Fetcher message to China Started the Trade War, Not Trump
2018-03-23 17:51:05 - news_fetcher - INFO - [x] Fetcher message to How Countries Won U.S. Tariffs Exemptions: Retaliation Threats, Intense Lobbying and an Emphasis on Alliances
2018-03-23 17:51:12 - news_fetcher - INFO - [x] Fetcher message to Facebook Tries to Calm Advertisers After Cambridge Analytica Crisis
2018-03-23 17:51:18 - news_fetcher - INFO - [x] Fetcher message to U.S. Charges Nine Iranians With Cyber Attack Campaign
2018-03-23 17:51:24 - news_fetcher - INFO - [x] Fetcher message to Dropbox Shares Jump in Market Debut
2018-03-23 17:51:30 - news_fetcher - INFO - [x] Fetcher message to John Bolton Changes U.S.-North Korea Equation
2018-03-23 17:51:36 - news_fetcher - INFO - [x] Fetcher message to Syria’s Cycle: Siege, Starve, Surrender, Repeat
2018-03-23 17:51:43 - news_fetcher - INFO - [x] Fetcher message to Uber Crash Highlights Growing Safety Concern: Pedestrians
2018-03-23 17:51:49 - news_fetcher - INFO - [x] Fetcher message to Trump signs massive spending bill, but not before a little drama
2018-03-23 17:51:54 - news_fetcher - INFO - [x] Fetcher message to Analysis | The bad bill is Congress’s fault, says the dealmaking swamp-drainer
2018-03-23 17:51:59 - news_fetcher - INFO - [x] Fetcher message to Analysis | Why is Trump threatening to veto a spending bill hours before a shutdown deadline?
2018-03-23 17:52:44 - news_fetcher - INFO - [x] Fetcher message to Analysis | Trump would rather just complain
2018-03-23 17:52:49 - news_fetcher - INFO - [x] Fetcher message to ‘You should do it’: Trump officials encouraged George Papadopoulos’s foreign outreach, documents show.
2018-03-23 17:52:54 - news_fetcher - INFO - [x] Fetcher message to U.S. stocks slip in afternoon trading as trade war rhetoric escalates
2018-03-23 17:52:59 - news_fetcher - INFO - [x] Fetcher message to Attorney says Roy Moore supporters offered him $10,000 to drop client who accused the Senate candidate of sexual impropriety
2018-03-23 17:53:05 - news_fetcher - INFO - [x] Fetcher message to John Bolton, famously abrasive, is an experienced operator in the ‘swamp’
2018-03-23 17:53:10 - news_fetcher - INFO - [x] Fetcher message to The extraordinary number of kids who have endured school shootings since Columbine
2018-03-23 17:53:16 - news_fetcher - INFO - [x] Fetcher message to Analysis | The young voices that feel excluded from the March for Our Lives
2018-03-24 18:19:18 - news_deduper - INFO - [x] Insert Analysis | Trump would rather just complain into MongoDB
2018-03-24 18:19:19 - news_deduper - INFO - [x] Insert ‘You should do it’: Trump officials encouraged George Papadopoulos’s foreign outreach, documents show. into MongoDB
2018-03-24 18:19:20 - news_deduper - INFO - [x] Insert U.S. stocks slip in afternoon trading as trade war rhetoric escalates into MongoDB
2018-03-24 18:19:21 - news_deduper - INFO - [x] Insert Attorney says Roy Moore supporters offered him $10,000 to drop client who accused the Senate candidate of sexual impropriety into MongoDB
2018-03-24 18:19:22 - news_deduper - INFO - [x] Insert John Bolton, famously abrasive, is an experienced operator in the ‘swamp’ into MongoDB
2018-03-24 18:19:23 - news_deduper - INFO - [x] Insert The extraordinary number of kids who have endured school shootings since Columbine into MongoDB
2018-03-24 18:19:25 - news_deduper - INFO - [x] Insert Analysis | The young voices that feel excluded from the March for Our Lives into MongoDB
2018-03-24 18:43:46 - news_monitor - INFO - [x] Sent message to US set for mass rallies on gun control
2018-03-24 18:43:46 - news_monitor - INFO - [x] Sent message to 'Our message to the world is...'
2018-03-24 18:43:46 - news_monitor - INFO - [x] Sent message to Survivors of 2012 massacre join protest
2018-03-24 18:43:46 - news_monitor - INFO - [x] Sent message to 'It feels like the world is on our side'
2018-03-24 18:43:46 - news_monitor - INFO - [x] Sent message to French police 'hero' dies of wounds
2018-03-24 18:43:46 - news_monitor - INFO - [x] Sent message to Cameron Bancroft: Australia player admits to ball-tampering, Steve Smith knew in advance
2018-03-24 18:43:46 - news_monitor - INFO - [x] Sent message to Syria rebel evacuations gather pace
2018-03-24 18:43:46 - news_monitor - INFO - [x] Sent message to Massive incomplete TV tower demolished
2018-03-24 18:43:46 - news_monitor - INFO - [x] Sent message to Miami Open tennis: Roger Federer beaten by world 175 Thanasi Kokkinakis
2018-03-24 18:43:46 - news_monitor - INFO - [x] Sent message to Catalan ex-leader 'avoids Finnish arrest'
2018-03-24 18:43:46 - news_monitor - INFO - [x] Sent message to South Africa v Australia: Cameron Bancroft spoken to by umpires about object in pocket
2018-03-24 18:43:46 - news_monitor - INFO - [x] Sent message to Australian Grand Prix: What you need to know
2018-03-24 18:43:46 - news_monitor - INFO - [x] Sent message to Northern Ireland 2-1 South Korea
2018-03-24 18:43:46 - news_monitor - INFO - [x] Sent message to 2018 Women's Boat Race: Cambridge beat Oxford
2018-03-24 18:43:46 - news_monitor - INFO - [x] Sent message to Caroline Wozniacki claims Miami Open fans made death threats in defeat to Monica Puig
2018-03-24 18:43:46 - news_monitor - INFO - [x] Sent message to Cameron Bancroft and Steve Smith admit ball-tampering plan for Australia against South Africa
2018-03-24 18:43:46 - news_monitor - INFO - [x] Sent message to Miami Open tennis: Kyle Edmund loses to American Frances Tiafoe in Florida
2018-03-24 18:43:46 - news_monitor - INFO - [x] Sent message to British Ethnic Diversity Sports Awards: Ellie Downie and Maro Itoje triumph
2018-03-24 18:43:46 - news_monitor - INFO - [x] Sent message to England fans' behaviour in the Netherlands 'appalling' and a 'worrying trend', say police chiefs
2018-03-24 18:43:46 - news_monitor - INFO - [x] Sent message to FA People's Cup: Amazing goals, tricks & celebs from Saturday's semi-finals
2018-03-24 18:43:46 - news_monitor - INFO - [x] Sent message to Trump Weighs Expulsion of Russian Envoys Over U.K. Attack
2018-03-24 18:43:46 - news_monitor - INFO - [x] Sent message to Students March to Demand Stricter Gun Laws After Mass Shootings
2018-03-24 18:43:46 - news_monitor - INFO - [x] Sent message to Tesla to Slow Deliveries in Norway on Report of Dangerous Trucks
2018-03-24 18:43:46 - news_monitor - INFO - [x] Sent message to Cambridge Analytica Undertaking Independent Third-Party Audit
2018-03-24 18:43:46 - news_monitor - INFO - [x] Sent message to Finland Ready to Arrest Catalan Separatist Leader
2018-03-24 18:43:46 - news_monitor - INFO - [x] Sent message to Inside the Secret Plot to Reverse Brexit
2018-03-24 18:43:46 - news_monitor - INFO - [x] Sent message to Qantas Passes Aviation Milestone With Direct Perth-London Flight
2018-03-24 18:43:46 - news_monitor - INFO - [x] Sent message to Emma Gonzalez stood on stage for 6 minutes - the length of the Parkland gunman's shooting spree
2018-03-24 18:43:46 - news_monitor - INFO - [x] Sent message to March for Our Lives: Live updates
2018-03-24 18:43:46 - news_monitor - INFO - [x] Sent message to MLK Jr.'s granddaughter surprises rally crowd - CNN Video
2018-03-24 18:43:46 - news_monitor - INFO - [x] Sent message to In pictures: The March for Our Lives protests
2018-03-24 18:43:46 - news_monitor - INFO - [x] Sent message to Student marchers call Washington's inaction on gun violence unacceptable
2018-03-24 18:43:46 - news_monitor - INFO - [x] Sent message to Some of the most powerful signs from the March for Our Lives
2018-03-24 18:43:46 - news_monitor - INFO - [x] Sent message to Celebrities join March for Our Lives
2018-03-24 18:43:46 - news_monitor - INFO - [x] Sent message to While millions marched for their lives, these folks marched for their guns
2018-03-24 18:43:46 - news_monitor - INFO - [x] Sent message to The Parkland kids keep checking their privilege
2018-03-24 18:43:46 - news_monitor - INFO - [x] Sent message to The messages kids want you to see - CNN Video
2018-03-24 18:43:46 - news_monitor - INFO - [x] Sent message to Claire Foy talks <em>The Crown</em> pay controversy: 'I'm not surprised people went, "That's a bit odd"'
2018-03-24 18:43:46 - news_monitor - INFO - [x] Sent message to <em>Suicide Squad</em> director explains the Joker's cut scenes
2018-03-24 18:43:46 - news_monitor - INFO - [x] Sent message to Celebrities step out in support of March For Our Lives
2018-03-24 18:43:46 - news_monitor - INFO - [x] Sent message to Watch Jennifer Hudson’s powerful performance at March For Our Lives in Washington
2018-03-24 18:43:46 - news_monitor - INFO - [x] Sent message to Neil Patrick Harris, Kristen Bell buy out theaters for free <em>Love, Simon</em> screenings
2018-03-24 18:43:46 - news_monitor - INFO - [x] Sent message to Academy president John Bailey denies sexual harassment allegations
2018-03-24 18:43:46 - news_monitor - INFO - [x] Sent message to <em>Black Panther</em> to become the highest-grossing superhero film ever in the U.S.
2018-03-24 18:43:46 - news_monitor - INFO - [x] Sent message to Steven Spielberg argues Netflix films shouldn't qualify for Oscar nominations
2018-03-24 18:43:46 - news_monitor - INFO - [x] Sent message to Justin Bieber involved in 'minor' car crash in Los Angeles
2018-03-24 18:43:46 - news_monitor - INFO - [x] Sent message to Loyola (Chi) vs. Kansas State - Game Summary - March 24, 2018 - ESPN
2018-03-24 18:43:46 - news_monitor - INFO - [x] Sent message to Everything you need to know for Saturday's Elite Eight games
2018-03-24 18:43:46 - news_monitor - INFO - [x] Sent message to A tiny oral history: Michigan's one shining team manager moment
2018-03-24 18:43:46 - news_monitor - INFO - [x] Sent message to UConn rolls by Duke, sets up showdown
2018-03-24 18:43:46 - news_monitor - INFO - [x] Sent message to ESPN Forecast: James Harden will win first MVP in landslide
2018-03-24 18:43:46 - news_monitor - INFO - [x] Sent message to Which MVP candidate is responsible for the most wins?
2018-03-24 18:43:46 - news_monitor - INFO - [x] Sent message to 2018 fantasy baseball rankings, sleepers, cheat sheets and more
2018-03-24 18:43:46 - news_monitor - INFO - [x] Sent message to How Madison Bumgarner's injury impacts his draft value
2018-03-24 18:43:46 - news_monitor - INFO - [x] Sent message to Star Trek: Discovery to Introduce Section 31 in Season 2 - IGN
2018-03-24 18:43:46 - news_monitor - INFO - [x] Sent message to The 100 Writers Take Aim at DC's Green Arrow Comic - IGN
2018-03-24 18:43:46 - news_monitor - INFO - [x] Sent message to Syfy's Krypton Will Visit Earth in Season 1, But What About Thanagar and Rann? - IGN
2018-03-24 18:43:46 - news_monitor - INFO - [x] Sent message to Neflix's Lost in Space: "Pilot" Review - WonderCon - IGN
2018-03-24 18:43:46 - news_monitor - INFO - [x] Sent message to Resident Evil: 38 Minute Speedrun - IGN Video
2018-03-24 18:43:46 - news_monitor - INFO - [x] Sent message to The Best Horror Movies Streaming on Netflix - IGN
2018-03-24 18:43:46 - news_monitor - INFO - [x] Sent message to Composer Bear McCreary on What Music Adds to The Shadow Hours - IGN Video
2018-03-24 18:43:46 - news_monitor - INFO - [x] Sent message to A Series of Unfortunate Events: Season 2 Finds New Joy, and Misfortune, by Shaking Up Its Formula - IGN
2018-03-24 18:43:46 - news_monitor - INFO - [x] Sent message to Overwatch League: How to Stay a Top Contender - IGN Access - IGN Video
2018-03-24 18:43:46 - news_monitor - INFO - [x] Sent message to Cloak and Dagger Premiere: Our Reaction from WonderCon - IGN
2018-03-24 18:43:46 - news_monitor - INFO - [x] Sent message to Monarch is a new platform from surgical robot pioneer Frederic Moll
2018-03-24 18:43:46 - news_monitor - INFO - [x] Sent message to Facebook was warned about app permissions in 2011
2018-03-24 18:43:46 - news_monitor - INFO - [x] Sent message to JASK and the future of autonomous cybersecurity
2018-03-24 18:43:46 - news_monitor - INFO - [x] Sent message to Hip hop finds its beat in the startup scene
2018-03-24 18:43:46 - news_monitor - INFO - [x] Sent message to 'Black Panther' just became North America’s highest-grossing superhero movie
2018-03-24 18:43:46 - news_monitor - INFO - [x] Sent message to Are corporations that use Wikipedia giving back?
2018-03-24 18:43:46 - news_monitor - INFO - [x] Sent message to Gillmor Gang: Facelift
2018-03-24 18:43:46 - news_monitor - INFO - [x] Sent message to Cambridge Analytica raided by UK data watchdog
2018-03-24 18:43:47 - news_monitor - INFO - [x] Sent message to Tim Cook addresses Facebook privacy, U.S./China relations at Beijing event
2018-03-24 18:43:47 - news_monitor - INFO - [x] Sent message to Original Content podcast: Confronting the tragedy of Hulu's 'Looming Tower'
2018-03-24 18:43:47 - news_monitor - INFO - [x] Sent message to March for Our Lives Updates: Chants of ‘Enough Is Enough’ at Huge Rallies on Guns
2018-03-24 18:43:47 - news_monitor - INFO - [x] Sent message to After Sandy Hook, More Than 400 People Have Been Shot in Over 200 School Shootings
2018-03-24 18:43:47 - news_monitor - INFO - [x] Sent message to March for Our Lives: Maps of the More Than 800 Protests Around the World
2018-03-24 18:43:47 - news_monitor - INFO - [x] Sent message to Photos From the ‘March for Our Lives’ Protests Around the World
2018-03-24 18:43:47 - news_monitor - INFO - [x] Sent message to For Parkland Students, a Surreal Journey From ‘Normal’ to a Worldwide March
2018-03-24 18:43:47 - news_monitor - INFO - [x] Sent message to ‘America First’ Bears a New Threat: Military Force
2018-03-24 18:43:47 - news_monitor - INFO - [x] Sent message to As Ties With Mexico Fray, Kushner Works Quietly to Mend Them
2018-03-24 18:43:47 - news_monitor - INFO - [x] Sent message to How Calls for Privacy May Upend Business for Facebook and Google
2018-03-24 18:43:47 - news_monitor - INFO - [x] Sent message to Timeline: Facebook and Google Under Regulators’ Glare
2018-03-24 18:43:47 - news_monitor - INFO - [x] Sent message to Thousands of Marchers Set to Take a Stand Against Gun Violence
2018-03-24 18:43:47 - news_monitor - INFO - [x] Sent message to Apple’s Cook to Trump: Embrace Open Trade
2018-03-24 18:43:47 - news_monitor - INFO - [x] Sent message to Winning at Tariffs: Be From an Exempted Nation and Produce in the U.S.
2018-03-24 18:43:47 - news_monitor - INFO - [x] Sent message to How Facebook’s Past Data Policy Has Come Back to Haunt It
2018-03-24 18:43:47 - news_monitor - INFO - [x] Sent message to San Francisco Fed’s John Williams Is Front Runner to Serve as New York Fed President
2018-03-24 18:43:47 - news_monitor - INFO - [x] Sent message to Who Poisoned Ex-Russian Spy Sergei Skripal? The Kremlin Has Many Theories
2018-03-24 18:43:47 - news_monitor - INFO - [x] Sent message to Airlines Conquer Challenges of Long-Haul Flights. Now Can Passengers?
2018-03-24 18:43:47 - news_monitor - INFO - [x] Sent message to French Officer Slain by Terrorist Is Hailed for Saving Others
2018-03-24 18:43:47 - news_monitor - INFO - [x] Sent message to California’s New Pot Laws Face Bumpy Rollout
2018-03-24 18:43:47 - news_monitor - INFO - [x] Sent message to The U.K. 
		
			
		
	Is Doing
		
			
		
	Just Fine,
		
			
		
	Thanks
2018-03-24 18:43:47 - news_monitor - INFO - [x] Sent message to March for Our Lives: Huge crowds gather for rally against gun violence in nation’s capital
2018-03-24 18:43:47 - news_monitor - INFO - [x] Sent message to Anti-gun marches planned for cities throughout the U.S., world
2018-03-24 18:43:47 - news_monitor - INFO - [x] Sent message to NRA host taunts Parkland teens: ‘No one would know your names’ if classmates were still alive
2018-03-24 18:43:47 - news_monitor - INFO - [x] Sent message to On this day, teachers offered students lessons in support
2018-03-24 18:43:47 - news_monitor - INFO - [x] Sent message to Democrats’ message at gun-control rallies: Do what the students say
2018-03-24 18:43:47 - news_monitor - INFO - [x] Sent message to Analysis | The opening act was tumultuous. Phase two of Trump’s presidency could be even more so
2018-03-24 18:43:47 - news_monitor - INFO - [x] Sent message to As Trump targets immigrants, elderly and others brace to lose caregivers
2018-03-24 18:43:47 - news_monitor - INFO - [x] Sent message to Trump may expel Russian diplomats in response to nerve-agent attack in England, officials say
2018-03-24 18:43:47 - news_monitor - INFO - [x] Sent message to Analysis | The top 15 Democratic presidential hopefuls for 2020, ranked
2018-03-24 18:43:47 - news_monitor - INFO - [x] Sent message to Parents raise massive amounts of money at some public schools. Should they share it?
2018-03-24 18:43:48 - news_fetcher - INFO - [x] Fetcher message to US set for mass rallies on gun control
2018-03-24 18:43:49 - news_deduper - INFO - [x] Insert US set for mass rallies on gun control into MongoDB
2018-03-24 18:43:56 - news_fetcher - INFO - [x] Fetcher message to 'Our message to the world is...'
2018-03-24 18:43:57 - news_deduper - INFO - [x] Insert 'Our message to the world is...' into MongoDB
2018-03-24 18:44:03 - news_fetcher - INFO - [x] Fetcher message to Survivors of 2012 massacre join protest
2018-03-24 18:44:03 - news_deduper - INFO - [x] Insert Survivors of 2012 massacre join protest into MongoDB
2018-03-24 18:44:09 - news_fetcher - INFO - [x] Fetcher message to 'It feels like the world is on our side'
2018-03-24 18:44:10 - news_deduper - INFO - [x] Insert 'It feels like the world is on our side' into MongoDB
2018-03-24 18:44:16 - news_fetcher - INFO - [x] Fetcher message to French police 'hero' dies of wounds
2018-03-24 18:44:16 - news_deduper - INFO - [x] Insert French police 'hero' dies of wounds into MongoDB
2018-03-24 18:44:22 - news_fetcher - INFO - [x] Fetcher message to Cameron Bancroft: Australia player admits to ball-tampering, Steve Smith knew in advance
2018-03-24 18:44:22 - news_deduper - INFO - [x] Insert Cameron Bancroft: Australia player admits to ball-tampering, Steve Smith knew in advance into MongoDB
2018-03-24 18:44:29 - news_fetcher - INFO - [x] Fetcher message to Syria rebel evacuations gather pace
2018-03-24 18:44:30 - news_deduper - INFO - [x] Insert Syria rebel evacuations gather pace into MongoDB
2018-03-24 18:44:36 - news_fetcher - INFO - [x] Fetcher message to Massive incomplete TV tower demolished
2018-03-24 18:44:36 - news_deduper - INFO - [x] Insert Massive incomplete TV tower demolished into MongoDB
2018-03-24 18:44:42 - news_fetcher - INFO - [x] Fetcher message to Miami Open tennis: Roger Federer beaten by world 175 Thanasi Kokkinakis
2018-03-24 18:44:42 - news_deduper - INFO - [x] Insert Miami Open tennis: Roger Federer beaten by world 175 Thanasi Kokkinakis into MongoDB
2018-03-24 18:44:48 - news_fetcher - INFO - [x] Fetcher message to Catalan ex-leader 'avoids Finnish arrest'
2018-03-24 18:44:48 - news_deduper - INFO - [x] Insert Catalan ex-leader 'avoids Finnish arrest' into MongoDB
2018-03-24 18:44:55 - news_fetcher - INFO - [x] Fetcher message to South Africa v Australia: Cameron Bancroft spoken to by umpires about object in pocket
2018-03-24 18:45:01 - news_fetcher - INFO - [x] Fetcher message to Australian Grand Prix: What you need to know
2018-03-24 18:45:01 - news_deduper - INFO - [x] Insert Australian Grand Prix: What you need to know into MongoDB
2018-03-24 18:45:08 - news_fetcher - INFO - [x] Fetcher message to Northern Ireland 2-1 South Korea
2018-03-24 18:45:09 - news_deduper - INFO - [x] Insert Northern Ireland 2-1 South Korea into MongoDB
2018-03-24 18:45:14 - news_fetcher - INFO - [x] Fetcher message to 2018 Women's Boat Race: Cambridge beat Oxford
2018-03-24 18:45:15 - news_deduper - INFO - [x] Insert 2018 Women's Boat Race: Cambridge beat Oxford into MongoDB
2018-03-24 18:45:20 - news_fetcher - INFO - [x] Fetcher message to Caroline Wozniacki claims Miami Open fans made death threats in defeat to Monica Puig
2018-03-24 18:45:20 - news_deduper - INFO - [x] Insert Caroline Wozniacki claims Miami Open fans made death threats in defeat to Monica Puig into MongoDB
2018-03-24 18:45:27 - news_fetcher - INFO - [x] Fetcher message to Cameron Bancroft and Steve Smith admit ball-tampering plan for Australia against South Africa
2018-03-24 18:45:28 - news_deduper - INFO - [x] Insert Cameron Bancroft and Steve Smith admit ball-tampering plan for Australia against South Africa into MongoDB
2018-03-24 18:45:33 - news_fetcher - INFO - [x] Fetcher message to Miami Open tennis: Kyle Edmund loses to American Frances Tiafoe in Florida
2018-03-24 18:45:39 - news_fetcher - INFO - [x] Fetcher message to British Ethnic Diversity Sports Awards: Ellie Downie and Maro Itoje triumph
2018-03-24 18:45:39 - news_deduper - INFO - [x] Insert British Ethnic Diversity Sports Awards: Ellie Downie and Maro Itoje triumph into MongoDB
2018-03-24 18:45:45 - news_fetcher - INFO - [x] Fetcher message to England fans' behaviour in the Netherlands 'appalling' and a 'worrying trend', say police chiefs
2018-03-24 18:45:45 - news_deduper - INFO - [x] Insert England fans' behaviour in the Netherlands 'appalling' and a 'worrying trend', say police chiefs into MongoDB
2018-03-24 18:45:51 - news_fetcher - INFO - [x] Fetcher message to FA People's Cup: Amazing goals, tricks & celebs from Saturday's semi-finals
2018-03-24 18:45:52 - news_deduper - INFO - [x] Insert FA People's Cup: Amazing goals, tricks & celebs from Saturday's semi-finals into MongoDB
2018-03-24 18:45:57 - news_fetcher - INFO - [x] Fetcher message to Trump Weighs Expulsion of Russian Envoys Over U.K. Attack
2018-03-24 18:45:58 - news_deduper - INFO - [x] Insert Trump Weighs Expulsion of Russian Envoys Over U.K. Attack into MongoDB
2018-03-24 18:45:58 - news_monitor - INFO - [x] Sent message to NZ lose Watling against England, as Aussies launch investigation
2018-03-24 18:45:58 - news_monitor - INFO - [x] Sent message to Ball-tampering: Cricket Australia launches investigation, Steve Smith remains captain
2018-03-24 18:45:58 - news_monitor - INFO - [x] Sent message to March for Our Lives: The moments that made up a movement
2018-03-24 18:45:58 - news_monitor - INFO - [x] Sent message to She left her gun at home, then was assaulted - CNN Video
2018-03-24 18:46:03 - news_fetcher - INFO - [x] Fetcher message to Students March to Demand Stricter Gun Laws After Mass Shootings
2018-03-24 18:46:03 - news_deduper - INFO - [x] Insert Students March to Demand Stricter Gun Laws After Mass Shootings into MongoDB
2018-03-24 18:46:08 - news_fetcher - INFO - [x] Fetcher message to Tesla to Slow Deliveries in Norway on Report of Dangerous Trucks
2018-03-24 18:46:09 - news_deduper - INFO - [x] Insert Tesla to Slow Deliveries in Norway on Report of Dangerous Trucks into MongoDB
2018-03-24 18:46:14 - news_fetcher - INFO - [x] Fetcher message to Cambridge Analytica Undertaking Independent Third-Party Audit
2018-03-24 18:46:14 - news_deduper - INFO - [x] Insert Cambridge Analytica Undertaking Independent Third-Party Audit into MongoDB
2018-03-24 18:46:20 - news_fetcher - INFO - [x] Fetcher message to Finland Ready to Arrest Catalan Separatist Leader
2018-03-24 18:46:21 - news_deduper - INFO - [x] Insert Finland Ready to Arrest Catalan Separatist Leader into MongoDB
2018-03-24 18:46:25 - news_fetcher - INFO - [x] Fetcher message to Inside the Secret Plot to Reverse Brexit
2018-03-24 18:46:26 - news_deduper - INFO - [x] Insert Inside the Secret Plot to Reverse Brexit into MongoDB
2018-03-24 18:46:31 - news_fetcher - INFO - [x] Fetcher message to Qantas Passes Aviation Milestone With Direct Perth-London Flight
2018-03-24 18:46:32 - news_deduper - INFO - [x] Insert Qantas Passes Aviation Milestone With Direct Perth-London Flight into MongoDB
2018-03-24 18:46:38 - news_fetcher - INFO - [x] Fetcher message to Emma Gonzalez stood on stage for 6 minutes - the length of the Parkland gunman's shooting spree
2018-03-24 18:46:39 - news_deduper - INFO - [x] Insert Emma Gonzalez stood on stage for 6 minutes - the length of the Parkland gunman's shooting spree into MongoDB
2018-03-24 18:46:44 - news_fetcher - INFO - [x] Fetcher message to March for Our Lives: Live updates
2018-03-24 18:46:45 - news_deduper - INFO - [x] Insert March for Our Lives: Live updates into MongoDB
2018-03-24 18:46:49 - news_fetcher - INFO - [x] Fetcher message to MLK Jr.'s granddaughter surprises rally crowd - CNN Video
2018-03-24 18:46:50 - news_deduper - INFO - [x] Insert MLK Jr.'s granddaughter surprises rally crowd - CNN Video into MongoDB
2018-03-24 18:46:55 - news_fetcher - INFO - [x] Fetcher message to In pictures: The March for Our Lives protests
2018-03-24 18:46:55 - news_deduper - INFO - [x] Insert In pictures: The March for Our Lives protests into MongoDB
2018-03-24 18:47:01 - news_fetcher - INFO - [x] Fetcher message to Student marchers call Washington's inaction on gun violence unacceptable
2018-03-24 18:47:01 - news_deduper - INFO - [x] Insert Student marchers call Washington's inaction on gun violence unacceptable into MongoDB
2018-03-24 18:47:03 - news_monitor - INFO - [x] Sent message to Students Lead Huge Rallies for Gun Control Across the U.S.
2018-03-24 18:47:03 - news_monitor - INFO - [x] Sent message to Demonstrators Who Brought Guns and an Opposing Message: ‘Shoot Back’
2018-03-24 18:47:03 - news_monitor - INFO - [x] Sent message to At Rallies, Students With a Different View of Gun Violence: As Urban Reality
2018-03-24 18:47:03 - news_monitor - INFO - [x] Sent message to Loyola-Chicago Advances to the Final Four
2018-03-24 18:47:03 - news_monitor - INFO - [x] Sent message to Austin Bomber Described Himself as a ‘Psychopath,’ Officials Say
2018-03-24 18:47:03 - news_monitor - INFO - [x] Sent message to White House praises ‘courageous’ youths marching against gun violence, then Trump’s motorcade takes a detour
2018-03-24 18:47:03 - news_monitor - INFO - [x] Sent message to Picturing the March for Our Lives
2018-03-24 18:47:03 - news_monitor - INFO - [x] Sent message to Here's what you missed at March for Our Lives in Washington
2018-03-24 18:47:03 - news_monitor - INFO - [x] Sent message to How Trumpism has come to define the Republican Party
2018-03-24 18:47:03 - news_monitor - INFO - [x] Sent message to A Dubai shopping trip and a missed chance to capture the head of the Taliban
2018-03-24 18:47:07 - news_fetcher - INFO - [x] Fetcher message to Some of the most powerful signs from the March for Our Lives
2018-03-24 18:47:08 - news_deduper - INFO - [x] Insert Some of the most powerful signs from the March for Our Lives into MongoDB
2018-03-24 18:47:13 - news_fetcher - INFO - [x] Fetcher message to Celebrities join March for Our Lives
2018-03-24 18:47:13 - news_deduper - INFO - [x] Insert Celebrities join March for Our Lives into MongoDB
2018-03-24 18:47:18 - news_fetcher - INFO - [x] Fetcher message to While millions marched for their lives, these folks marched for their guns
2018-03-24 18:47:19 - news_deduper - INFO - [x] Insert While millions marched for their lives, these folks marched for their guns into MongoDB
2018-03-24 18:47:24 - news_fetcher - INFO - [x] Fetcher message to The Parkland kids keep checking their privilege
2018-03-24 18:47:24 - news_deduper - INFO - [x] Insert The Parkland kids keep checking their privilege into MongoDB
2018-03-24 18:47:29 - news_fetcher - INFO - [x] Fetcher message to The messages kids want you to see - CNN Video
2018-03-24 18:47:29 - news_deduper - INFO - [x] Insert The messages kids want you to see - CNN Video into MongoDB
2018-03-24 18:47:34 - news_fetcher - INFO - [x] Fetcher message to Claire Foy talks <em>The Crown</em> pay controversy: 'I'm not surprised people went, "That's a bit odd"'
2018-03-24 18:47:35 - news_deduper - INFO - [x] Insert Claire Foy talks <em>The Crown</em> pay controversy: 'I'm not surprised people went, "That's a bit odd"' into MongoDB
2018-03-24 18:47:40 - news_fetcher - INFO - [x] Fetcher message to <em>Suicide Squad</em> director explains the Joker's cut scenes
2018-03-24 18:47:41 - news_deduper - INFO - [x] Insert <em>Suicide Squad</em> director explains the Joker's cut scenes into MongoDB
2018-03-24 18:47:45 - news_fetcher - INFO - [x] Fetcher message to Celebrities step out in support of March For Our Lives
2018-03-24 18:47:46 - news_deduper - INFO - [x] Insert Celebrities step out in support of March For Our Lives into MongoDB
2018-03-24 18:47:51 - news_fetcher - INFO - [x] Fetcher message to Watch Jennifer Hudson’s powerful performance at March For Our Lives in Washington
2018-03-24 18:47:51 - news_deduper - INFO - [x] Insert Watch Jennifer Hudson’s powerful performance at March For Our Lives in Washington into MongoDB
2018-03-24 18:47:56 - news_fetcher - INFO - [x] Fetcher message to Neil Patrick Harris, Kristen Bell buy out theaters for free <em>Love, Simon</em> screenings
2018-03-24 18:47:56 - news_deduper - INFO - [x] Insert Neil Patrick Harris, Kristen Bell buy out theaters for free <em>Love, Simon</em> screenings into MongoDB
2018-03-24 18:48:01 - news_fetcher - INFO - [x] Fetcher message to Academy president John Bailey denies sexual harassment allegations
2018-03-24 18:48:02 - news_deduper - INFO - [x] Insert Academy president John Bailey denies sexual harassment allegations into MongoDB
2018-03-24 18:48:06 - news_fetcher - INFO - [x] Fetcher message to <em>Black Panther</em> to become the highest-grossing superhero film ever in the U.S.
2018-03-24 18:48:07 - news_deduper - INFO - [x] Insert <em>Black Panther</em> to become the highest-grossing superhero film ever in the U.S. into MongoDB
2018-03-24 18:48:12 - news_fetcher - INFO - [x] Fetcher message to Steven Spielberg argues Netflix films shouldn't qualify for Oscar nominations
2018-03-24 18:48:12 - news_deduper - INFO - [x] Insert Steven Spielberg argues Netflix films shouldn't qualify for Oscar nominations into MongoDB
2018-03-24 18:48:17 - news_fetcher - INFO - [x] Fetcher message to Justin Bieber involved in 'minor' car crash in Los Angeles
2018-03-24 18:48:18 - news_deduper - INFO - [x] Insert Justin Bieber involved in 'minor' car crash in Los Angeles into MongoDB
2018-03-24 18:48:23 - news_fetcher - INFO - [x] Fetcher message to Loyola (Chi) vs. Kansas State - Game Summary - March 24, 2018 - ESPN
2018-03-24 18:48:23 - news_deduper - INFO - [x] Insert Loyola (Chi) vs. Kansas State - Game Summary - March 24, 2018 - ESPN into MongoDB
2018-03-24 18:48:29 - news_fetcher - INFO - [x] Fetcher message to Everything you need to know for Saturday's Elite Eight games
2018-03-24 18:48:30 - news_deduper - INFO - [x] Insert Everything you need to know for Saturday's Elite Eight games into MongoDB
2018-03-24 18:48:34 - news_fetcher - INFO - [x] Fetcher message to A tiny oral history: Michigan's one shining team manager moment
2018-03-24 18:48:35 - news_deduper - INFO - [x] Insert A tiny oral history: Michigan's one shining team manager moment into MongoDB
2018-03-24 18:48:39 - news_fetcher - INFO - [x] Fetcher message to UConn rolls by Duke, sets up showdown
2018-03-24 18:48:40 - news_deduper - INFO - [x] Insert UConn rolls by Duke, sets up showdown into MongoDB
2018-03-24 18:48:45 - news_fetcher - INFO - [x] Fetcher message to ESPN Forecast: James Harden will win first MVP in landslide
2018-03-24 18:48:45 - news_deduper - INFO - [x] Insert ESPN Forecast: James Harden will win first MVP in landslide into MongoDB
2018-03-24 18:48:50 - news_fetcher - INFO - [x] Fetcher message to Which MVP candidate is responsible for the most wins?
2018-03-24 18:48:51 - news_deduper - INFO - [x] Insert Which MVP candidate is responsible for the most wins? into MongoDB
2018-03-24 18:48:56 - news_fetcher - INFO - [x] Fetcher message to 2018 fantasy baseball rankings, sleepers, cheat sheets and more
2018-03-24 18:48:56 - news_deduper - INFO - [x] Insert 2018 fantasy baseball rankings, sleepers, cheat sheets and more into MongoDB
2018-03-24 18:49:01 - news_fetcher - INFO - [x] Fetcher message to How Madison Bumgarner's injury impacts his draft value
2018-03-24 18:49:02 - news_deduper - INFO - [x] Insert How Madison Bumgarner's injury impacts his draft value into MongoDB
2018-03-24 18:49:08 - news_fetcher - INFO - [x] Fetcher message to Star Trek: Discovery to Introduce Section 31 in Season 2 - IGN
2018-03-24 18:49:09 - news_deduper - INFO - [x] Insert Star Trek: Discovery to Introduce Section 31 in Season 2 - IGN into MongoDB
2018-03-24 18:49:14 - news_fetcher - INFO - [x] Fetcher message to The 100 Writers Take Aim at DC's Green Arrow Comic - IGN
2018-03-24 18:49:15 - news_deduper - INFO - [x] Insert The 100 Writers Take Aim at DC's Green Arrow Comic - IGN into MongoDB
2018-03-24 18:49:21 - news_fetcher - INFO - [x] Fetcher message to Syfy's Krypton Will Visit Earth in Season 1, But What About Thanagar and Rann? - IGN
2018-03-24 18:49:21 - news_deduper - INFO - [x] Insert Syfy's Krypton Will Visit Earth in Season 1, But What About Thanagar and Rann? - IGN into MongoDB
2018-03-24 18:49:26 - news_fetcher - INFO - [x] Fetcher message to Neflix's Lost in Space: "Pilot" Review - WonderCon - IGN
2018-03-24 18:49:27 - news_deduper - INFO - [x] Insert Neflix's Lost in Space: "Pilot" Review - WonderCon - IGN into MongoDB
2018-03-24 18:49:32 - news_fetcher - INFO - [x] Fetcher message to Resident Evil: 38 Minute Speedrun - IGN Video
2018-03-24 18:49:33 - news_deduper - INFO - [x] Insert Resident Evil: 38 Minute Speedrun - IGN Video into MongoDB
2018-03-24 18:49:39 - news_fetcher - INFO - [x] Fetcher message to The Best Horror Movies Streaming on Netflix - IGN
2018-03-24 18:49:40 - news_deduper - INFO - [x] Insert The Best Horror Movies Streaming on Netflix - IGN into MongoDB
2018-03-24 18:49:45 - news_fetcher - INFO - [x] Fetcher message to Composer Bear McCreary on What Music Adds to The Shadow Hours - IGN Video
2018-03-24 18:49:45 - news_deduper - INFO - [x] Insert Composer Bear McCreary on What Music Adds to The Shadow Hours - IGN Video into MongoDB
2018-03-24 18:49:51 - news_fetcher - INFO - [x] Fetcher message to A Series of Unfortunate Events: Season 2 Finds New Joy, and Misfortune, by Shaking Up Its Formula - IGN
2018-03-24 18:49:51 - news_deduper - INFO - [x] Insert A Series of Unfortunate Events: Season 2 Finds New Joy, and Misfortune, by Shaking Up Its Formula - IGN into MongoDB
2018-03-24 18:49:57 - news_fetcher - INFO - [x] Fetcher message to Overwatch League: How to Stay a Top Contender - IGN Access - IGN Video
2018-03-24 18:49:58 - news_deduper - INFO - [x] Insert Overwatch League: How to Stay a Top Contender - IGN Access - IGN Video into MongoDB
2018-03-24 18:50:04 - news_fetcher - INFO - [x] Fetcher message to Cloak and Dagger Premiere: Our Reaction from WonderCon - IGN
2018-03-24 18:50:05 - news_deduper - INFO - [x] Insert Cloak and Dagger Premiere: Our Reaction from WonderCon - IGN into MongoDB
2018-03-24 18:50:09 - news_fetcher - INFO - [x] Fetcher message to Monarch is a new platform from surgical robot pioneer Frederic Moll
2018-03-24 18:50:09 - news_deduper - INFO - [x] Insert Monarch is a new platform from surgical robot pioneer Frederic Moll into MongoDB
2018-03-24 18:50:14 - news_fetcher - INFO - [x] Fetcher message to Facebook was warned about app permissions in 2011
2018-03-24 18:50:15 - news_deduper - INFO - [x] Insert Facebook was warned about app permissions in 2011 into MongoDB
2018-03-24 18:50:19 - news_fetcher - INFO - [x] Fetcher message to JASK and the future of autonomous cybersecurity
2018-03-24 18:50:20 - news_deduper - INFO - [x] Insert JASK and the future of autonomous cybersecurity into MongoDB
2018-03-24 18:50:25 - news_fetcher - INFO - [x] Fetcher message to Hip hop finds its beat in the startup scene
2018-03-24 18:50:25 - news_deduper - INFO - [x] Insert Hip hop finds its beat in the startup scene into MongoDB
2018-03-24 18:50:30 - news_fetcher - INFO - [x] Fetcher message to 'Black Panther' just became North America’s highest-grossing superhero movie
2018-03-24 18:50:31 - news_deduper - INFO - [x] Insert 'Black Panther' just became North America’s highest-grossing superhero movie into MongoDB
2018-03-24 18:50:35 - news_fetcher - INFO - [x] Fetcher message to Are corporations that use Wikipedia giving back?
2018-03-24 18:50:36 - news_deduper - INFO - [x] Insert Are corporations that use Wikipedia giving back? into MongoDB
2018-03-24 18:50:41 - news_fetcher - INFO - [x] Fetcher message to Gillmor Gang: Facelift
2018-03-24 18:50:41 - news_deduper - INFO - [x] Insert Gillmor Gang: Facelift into MongoDB
2018-03-24 18:50:46 - news_fetcher - INFO - [x] Fetcher message to Cambridge Analytica raided by UK data watchdog
2018-03-24 18:50:47 - news_deduper - INFO - [x] Insert Cambridge Analytica raided by UK data watchdog into MongoDB
2018-03-24 18:50:51 - news_fetcher - INFO - [x] Fetcher message to Tim Cook addresses Facebook privacy, U.S./China relations at Beijing event
2018-03-24 18:50:52 - news_deduper - INFO - [x] Insert Tim Cook addresses Facebook privacy, U.S./China relations at Beijing event into MongoDB
2018-03-24 18:50:57 - news_fetcher - INFO - [x] Fetcher message to Original Content podcast: Confronting the tragedy of Hulu's 'Looming Tower'
2018-03-24 18:50:57 - news_deduper - INFO - [x] Insert Original Content podcast: Confronting the tragedy of Hulu's 'Looming Tower' into MongoDB
2018-03-24 18:51:02 - news_fetcher - INFO - [x] Fetcher message to March for Our Lives Updates: Chants of ‘Enough Is Enough’ at Huge Rallies on Guns
2018-03-24 18:51:03 - news_deduper - INFO - [x] Insert March for Our Lives Updates: Chants of ‘Enough Is Enough’ at Huge Rallies on Guns into MongoDB
2018-03-24 18:51:08 - news_fetcher - INFO - [x] Fetcher message to After Sandy Hook, More Than 400 People Have Been Shot in Over 200 School Shootings
2018-03-24 18:51:09 - news_deduper - INFO - [x] Insert After Sandy Hook, More Than 400 People Have Been Shot in Over 200 School Shootings into MongoDB
2018-03-24 18:51:13 - news_fetcher - INFO - [x] Fetcher message to March for Our Lives: Maps of the More Than 800 Protests Around the World
2018-03-24 18:51:14 - news_deduper - INFO - [x] Insert March for Our Lives: Maps of the More Than 800 Protests Around the World into MongoDB
2018-03-24 18:51:19 - news_fetcher - INFO - [x] Fetcher message to Photos From the ‘March for Our Lives’ Protests Around the World
2018-03-24 18:51:19 - news_deduper - INFO - [x] Insert Photos From the ‘March for Our Lives’ Protests Around the World into MongoDB
2018-03-24 18:51:24 - news_fetcher - INFO - [x] Fetcher message to For Parkland Students, a Surreal Journey From ‘Normal’ to a Worldwide March
2018-03-24 18:51:25 - news_deduper - INFO - [x] Insert For Parkland Students, a Surreal Journey From ‘Normal’ to a Worldwide March into MongoDB
2018-03-24 18:51:29 - news_fetcher - INFO - [x] Fetcher message to ‘America First’ Bears a New Threat: Military Force
2018-03-24 18:51:30 - news_deduper - INFO - [x] Insert ‘America First’ Bears a New Threat: Military Force into MongoDB
2018-03-24 18:51:35 - news_fetcher - INFO - [x] Fetcher message to As Ties With Mexico Fray, Kushner Works Quietly to Mend Them
2018-03-24 18:51:36 - news_deduper - INFO - [x] Insert As Ties With Mexico Fray, Kushner Works Quietly to Mend Them into MongoDB
2018-03-24 18:51:40 - news_fetcher - INFO - [x] Fetcher message to How Calls for Privacy May Upend Business for Facebook and Google
2018-03-24 18:51:41 - news_deduper - INFO - [x] Insert How Calls for Privacy May Upend Business for Facebook and Google into MongoDB
2018-03-24 18:51:46 - news_fetcher - INFO - [x] Fetcher message to Timeline: Facebook and Google Under Regulators’ Glare
2018-03-24 18:51:47 - news_deduper - INFO - [x] Insert Timeline: Facebook and Google Under Regulators’ Glare into MongoDB
2018-03-24 18:52:48 - news_fetcher - INFO - [x] Fetcher message to Thousands of Marchers Set to Take a Stand Against Gun Violence
2018-03-24 18:52:49 - news_deduper - INFO - [x] Insert Thousands of Marchers Set to Take a Stand Against Gun Violence into MongoDB
2018-03-24 18:53:51 - news_fetcher - INFO - [x] Fetcher message to Apple’s Cook to Trump: Embrace Open Trade
2018-03-24 18:53:51 - news_deduper - INFO - [x] Insert Apple’s Cook to Trump: Embrace Open Trade into MongoDB
2018-03-24 19:16:44 - news_fetcher - INFO - [x] Fetcher message to How Facebook’s Past Data Policy Has Come Back to Haunt It
2018-03-24 19:16:45 - news_deduper - INFO - [x] Insert How Facebook’s Past Data Policy Has Come Back to Haunt It into MongoDB
2018-03-24 19:16:47 - news_monitor - INFO - [x] Sent message to Parkland survivor: 'Fight for your life'
2018-03-24 19:16:47 - news_monitor - INFO - [x] Sent message to Who sent the bomb that killed this newlywed man?
2018-03-24 19:16:47 - news_monitor - INFO - [x] Sent message to Eurovision's 'first lady' dies aged 94
2018-03-24 19:16:47 - news_monitor - INFO - [x] Sent message to 'Streaming services are too similar'
2018-03-24 19:16:47 - news_monitor - INFO - [x] Sent message to Jet makes history on flight from Australia
2018-03-24 19:16:47 - news_monitor - INFO - [x] Sent message to To Settle East-West Feud, Libya's Chief Rivals Take It South
2018-03-24 19:16:47 - news_monitor - INFO - [x] Sent message to Florida State vs. Michigan - Game Summary - March 24, 2018 - ESPN
2018-03-24 19:16:47 - news_monitor - INFO - [x] Sent message to The night Cinderella dominated
2018-03-24 19:16:47 - news_monitor - INFO - [x] Sent message to Everything you need to know for Sunday's Elite Eight games
2018-03-24 19:16:47 - news_monitor - INFO - [x] Sent message to Stephen Curry's recovery will determine Golden State's success this spring
2018-03-24 19:16:47 - news_monitor - INFO - [x] Sent message to UConn-South Carolina showdown is upon us
2018-03-24 19:16:47 - news_monitor - INFO - [x] Sent message to Ni No Kuni Developer Level-5 Teases MMO-Scale 'Modern Day' Game - IGN
2018-03-24 19:16:47 - news_monitor - INFO - [x] Sent message to Batman Ninja Review  - IGN
2018-03-24 19:16:47 - news_monitor - INFO - [x] Sent message to Fear the Walking Dead: What to Expect from Morgan's Arrival in Season 4 - IGN
2018-03-24 19:16:47 - news_monitor - INFO - [x] Sent message to Donald Glover, FX, and Marvel TV 'Part Ways' on Deadpool Animated Series - IGN
2018-03-24 19:16:47 - news_monitor - INFO - [x] Sent message to Silicon Valley: Reports About T.J. Miller's Exit Coming to Light - IGN
2018-03-24 19:16:47 - news_monitor - INFO - [x] Sent message to #WarGames Is Reborn as an Interactive Hacker Thriller - IGN
2018-03-24 19:16:47 - news_monitor - INFO - [x] Sent message to Now Accepting Applications: IGN's Code Foo 2018 - IGN
2018-03-24 19:16:50 - news_fetcher - INFO - [x] Fetcher message to San Francisco Fed’s John Williams Is Front Runner to Serve as New York Fed President
2018-03-24 19:16:50 - news_deduper - INFO - [x] Insert San Francisco Fed’s John Williams Is Front Runner to Serve as New York Fed President into MongoDB
2018-03-24 19:16:56 - news_fetcher - INFO - [x] Fetcher message to Who Poisoned Ex-Russian Spy Sergei Skripal? The Kremlin Has Many Theories
2018-03-24 19:16:57 - news_deduper - INFO - [x] Insert Who Poisoned Ex-Russian Spy Sergei Skripal? The Kremlin Has Many Theories into MongoDB
2018-03-24 19:17:02 - news_fetcher - INFO - [x] Fetcher message to Airlines Conquer Challenges of Long-Haul Flights. Now Can Passengers?
2018-03-24 19:17:03 - news_deduper - INFO - [x] Insert Airlines Conquer Challenges of Long-Haul Flights. Now Can Passengers? into MongoDB
2018-03-24 19:17:09 - news_fetcher - INFO - [x] Fetcher message to French Officer Slain by Terrorist Is Hailed for Saving Others
2018-03-24 19:17:10 - news_deduper - INFO - [x] Insert French Officer Slain by Terrorist Is Hailed for Saving Others into MongoDB
2018-03-24 19:17:15 - news_fetcher - INFO - [x] Fetcher message to California’s New Pot Laws Face Bumpy Rollout
2018-03-24 19:17:15 - news_deduper - INFO - [x] Insert California’s New Pot Laws Face Bumpy Rollout into MongoDB
2018-03-24 19:17:21 - news_fetcher - INFO - [x] Fetcher message to The U.K. 
		
			
		
	Is Doing
		
			
		
	Just Fine,
		
			
		
	Thanks
2018-03-24 19:17:22 - news_deduper - INFO - [x] Insert The U.K. 
		
			
		
	Is Doing
		
			
		
	Just Fine,
		
			
		
	Thanks into MongoDB
2018-03-24 19:17:27 - news_fetcher - INFO - [x] Fetcher message to March for Our Lives: Huge crowds gather for rally against gun violence in nation’s capital
2018-03-24 19:17:28 - news_deduper - INFO - [x] Insert March for Our Lives: Huge crowds gather for rally against gun violence in nation’s capital into MongoDB
2018-03-24 19:17:32 - news_fetcher - INFO - [x] Fetcher message to Anti-gun marches planned for cities throughout the U.S., world
2018-03-24 19:17:33 - news_deduper - INFO - [x] Insert Anti-gun marches planned for cities throughout the U.S., world into MongoDB
2018-03-24 19:17:38 - news_fetcher - INFO - [x] Fetcher message to NRA host taunts Parkland teens: ‘No one would know your names’ if classmates were still alive
2018-03-24 19:17:38 - news_deduper - INFO - [x] Insert NRA host taunts Parkland teens: ‘No one would know your names’ if classmates were still alive into MongoDB
2018-03-24 19:17:43 - news_fetcher - INFO - [x] Fetcher message to On this day, teachers offered students lessons in support
2018-03-24 19:17:44 - news_deduper - INFO - [x] Insert On this day, teachers offered students lessons in support into MongoDB
2018-03-24 19:17:48 - news_fetcher - INFO - [x] Fetcher message to Democrats’ message at gun-control rallies: Do what the students say
2018-03-24 19:17:49 - news_deduper - INFO - [x] Insert Democrats’ message at gun-control rallies: Do what the students say into MongoDB
2018-03-24 19:17:54 - news_fetcher - INFO - [x] Fetcher message to Analysis | The opening act was tumultuous. Phase two of Trump’s presidency could be even more so
2018-03-24 19:17:54 - news_deduper - INFO - [x] Insert Analysis | The opening act was tumultuous. Phase two of Trump’s presidency could be even more so into MongoDB
2018-03-24 19:17:59 - news_fetcher - INFO - [x] Fetcher message to As Trump targets immigrants, elderly and others brace to lose caregivers
2018-03-24 19:18:00 - news_deduper - INFO - [x] Insert As Trump targets immigrants, elderly and others brace to lose caregivers into MongoDB
2018-03-24 19:18:05 - news_fetcher - INFO - [x] Fetcher message to Trump may expel Russian diplomats in response to nerve-agent attack in England, officials say
2018-03-24 19:18:06 - news_deduper - INFO - [x] Insert Trump may expel Russian diplomats in response to nerve-agent attack in England, officials say into MongoDB
2018-03-24 19:18:10 - news_fetcher - INFO - [x] Fetcher message to Analysis | The top 15 Democratic presidential hopefuls for 2020, ranked
2018-03-24 19:18:11 - news_deduper - INFO - [x] Insert Analysis | The top 15 Democratic presidential hopefuls for 2020, ranked into MongoDB
2018-03-24 19:18:16 - news_fetcher - INFO - [x] Fetcher message to Parents raise massive amounts of money at some public schools. Should they share it?
2018-03-24 19:18:16 - news_deduper - INFO - [x] Insert Parents raise massive amounts of money at some public schools. Should they share it? into MongoDB
2018-03-24 19:18:23 - news_fetcher - INFO - [x] Fetcher message to NZ lose Watling against England, as Aussies launch investigation
2018-03-24 19:18:23 - news_deduper - INFO - [x] Insert NZ lose Watling against England, as Aussies launch investigation into MongoDB
2018-03-24 19:18:29 - news_fetcher - INFO - [x] Fetcher message to Ball-tampering: Cricket Australia launches investigation, Steve Smith remains captain
2018-03-24 19:18:30 - news_deduper - INFO - [x] Insert Ball-tampering: Cricket Australia launches investigation, Steve Smith remains captain into MongoDB
2018-03-24 19:18:36 - news_fetcher - INFO - [x] Fetcher message to March for Our Lives: The moments that made up a movement
2018-03-24 19:18:37 - news_deduper - INFO - [x] Insert March for Our Lives: The moments that made up a movement into MongoDB
2018-03-24 19:18:41 - news_fetcher - INFO - [x] Fetcher message to She left her gun at home, then was assaulted - CNN Video
2018-03-24 19:18:42 - news_deduper - INFO - [x] Insert She left her gun at home, then was assaulted - CNN Video into MongoDB
2018-03-24 19:18:47 - news_fetcher - INFO - [x] Fetcher message to Students Lead Huge Rallies for Gun Control Across the U.S.
2018-03-24 19:18:47 - news_deduper - INFO - [x] Insert Students Lead Huge Rallies for Gun Control Across the U.S. into MongoDB
2018-03-24 19:18:52 - news_fetcher - INFO - [x] Fetcher message to Demonstrators Who Brought Guns and an Opposing Message: ‘Shoot Back’
2018-03-24 19:18:52 - news_deduper - INFO - [x] Insert Demonstrators Who Brought Guns and an Opposing Message: ‘Shoot Back’ into MongoDB
2018-03-24 19:18:58 - news_fetcher - INFO - [x] Fetcher message to At Rallies, Students With a Different View of Gun Violence: As Urban Reality
2018-03-24 19:18:59 - news_deduper - INFO - [x] Insert At Rallies, Students With a Different View of Gun Violence: As Urban Reality into MongoDB
2018-03-24 19:19:04 - news_fetcher - INFO - [x] Fetcher message to Loyola-Chicago Advances to the Final Four
2018-03-24 19:19:04 - news_deduper - INFO - [x] Insert Loyola-Chicago Advances to the Final Four into MongoDB
2018-03-24 19:19:09 - news_fetcher - INFO - [x] Fetcher message to Austin Bomber Described Himself as a ‘Psychopath,’ Officials Say
2018-03-24 19:19:10 - news_deduper - INFO - [x] Insert Austin Bomber Described Himself as a ‘Psychopath,’ Officials Say into MongoDB
2018-03-24 19:19:15 - news_fetcher - INFO - [x] Fetcher message to White House praises ‘courageous’ youths marching against gun violence, then Trump’s motorcade takes a detour
2018-03-24 19:19:15 - news_deduper - INFO - [x] Insert White House praises ‘courageous’ youths marching against gun violence, then Trump’s motorcade takes a detour into MongoDB
2018-03-24 19:19:20 - news_fetcher - INFO - [x] Fetcher message to Picturing the March for Our Lives
2018-03-24 19:19:21 - news_deduper - INFO - [x] Insert Picturing the March for Our Lives into MongoDB
2018-03-24 19:19:26 - news_fetcher - INFO - [x] Fetcher message to Here's what you missed at March for Our Lives in Washington
2018-03-24 19:19:27 - news_deduper - INFO - [x] Insert Here's what you missed at March for Our Lives in Washington into MongoDB
2018-03-24 19:19:31 - news_fetcher - INFO - [x] Fetcher message to How Trumpism has come to define the Republican Party
2018-03-24 19:19:32 - news_deduper - INFO - [x] Insert How Trumpism has come to define the Republican Party into MongoDB
2018-03-24 19:19:36 - news_fetcher - INFO - [x] Fetcher message to A Dubai shopping trip and a missed chance to capture the head of the Taliban
2018-03-24 19:19:37 - news_deduper - INFO - [x] Insert A Dubai shopping trip and a missed chance to capture the head of the Taliban into MongoDB
2018-03-24 19:19:43 - news_fetcher - INFO - [x] Fetcher message to Parkland survivor: 'Fight for your life'
2018-03-24 19:19:43 - news_deduper - INFO - [x] Insert Parkland survivor: 'Fight for your life' into MongoDB
2018-03-24 19:19:49 - news_fetcher - INFO - [x] Fetcher message to Who sent the bomb that killed this newlywed man?
2018-03-24 19:19:50 - news_deduper - INFO - [x] Insert Who sent the bomb that killed this newlywed man? into MongoDB
2018-03-24 19:19:55 - news_fetcher - INFO - [x] Fetcher message to Eurovision's 'first lady' dies aged 94
2018-03-24 19:19:56 - news_deduper - INFO - [x] Insert Eurovision's 'first lady' dies aged 94 into MongoDB
2018-03-24 19:20:01 - news_fetcher - INFO - [x] Fetcher message to 'Streaming services are too similar'
2018-03-24 19:20:02 - news_deduper - INFO - [x] Insert 'Streaming services are too similar' into MongoDB
2018-03-24 19:20:07 - news_fetcher - INFO - [x] Fetcher message to Jet makes history on flight from Australia
2018-03-24 19:20:08 - news_deduper - INFO - [x] Insert Jet makes history on flight from Australia into MongoDB
2018-03-24 19:20:13 - news_fetcher - INFO - [x] Fetcher message to To Settle East-West Feud, Libya's Chief Rivals Take It South
2018-03-24 19:20:13 - news_deduper - INFO - [x] Insert To Settle East-West Feud, Libya's Chief Rivals Take It South into MongoDB
2018-03-24 19:20:19 - news_fetcher - INFO - [x] Fetcher message to Florida State vs. Michigan - Game Summary - March 24, 2018 - ESPN
2018-03-24 19:20:20 - news_deduper - INFO - [x] Insert Florida State vs. Michigan - Game Summary - March 24, 2018 - ESPN into MongoDB
2018-03-24 19:20:24 - news_fetcher - INFO - [x] Fetcher message to The night Cinderella dominated
2018-03-24 19:20:25 - news_deduper - INFO - [x] Insert The night Cinderella dominated into MongoDB
2018-03-24 19:20:30 - news_fetcher - INFO - [x] Fetcher message to Everything you need to know for Sunday's Elite Eight games
2018-03-24 19:20:30 - news_deduper - INFO - [x] Insert Everything you need to know for Sunday's Elite Eight games into MongoDB
2018-03-24 19:20:35 - news_fetcher - INFO - [x] Fetcher message to Stephen Curry's recovery will determine Golden State's success this spring
2018-03-24 19:20:35 - news_deduper - INFO - [x] Insert Stephen Curry's recovery will determine Golden State's success this spring into MongoDB
2018-03-24 19:20:41 - news_fetcher - INFO - [x] Fetcher message to UConn-South Carolina showdown is upon us
2018-03-24 19:20:42 - news_deduper - INFO - [x] Insert UConn-South Carolina showdown is upon us into MongoDB
2018-03-24 19:20:47 - news_fetcher - INFO - [x] Fetcher message to Ni No Kuni Developer Level-5 Teases MMO-Scale 'Modern Day' Game - IGN
2018-03-24 19:20:48 - news_deduper - INFO - [x] Insert Ni No Kuni Developer Level-5 Teases MMO-Scale 'Modern Day' Game - IGN into MongoDB
2018-03-24 19:20:52 - news_fetcher - INFO - [x] Fetcher message to Batman Ninja Review  - IGN
2018-03-24 19:20:53 - news_deduper - INFO - [x] Insert Batman Ninja Review  - IGN into MongoDB
2018-03-24 19:20:59 - news_fetcher - INFO - [x] Fetcher message to Fear the Walking Dead: What to Expect from Morgan's Arrival in Season 4 - IGN
2018-03-24 19:20:59 - news_deduper - INFO - [x] Insert Fear the Walking Dead: What to Expect from Morgan's Arrival in Season 4 - IGN into MongoDB
2018-03-24 19:21:06 - news_fetcher - INFO - [x] Fetcher message to Donald Glover, FX, and Marvel TV 'Part Ways' on Deadpool Animated Series - IGN
2018-03-24 19:21:07 - news_deduper - INFO - [x] Insert Donald Glover, FX, and Marvel TV 'Part Ways' on Deadpool Animated Series - IGN into MongoDB
2018-03-24 19:21:11 - news_fetcher - INFO - [x] Fetcher message to Silicon Valley: Reports About T.J. Miller's Exit Coming to Light - IGN
2018-03-24 19:21:12 - news_deduper - INFO - [x] Insert Silicon Valley: Reports About T.J. Miller's Exit Coming to Light - IGN into MongoDB
2018-03-24 19:21:16 - news_fetcher - INFO - [x] Fetcher message to #WarGames Is Reborn as an Interactive Hacker Thriller - IGN
2018-03-24 19:21:17 - news_deduper - INFO - [x] Insert #WarGames Is Reborn as an Interactive Hacker Thriller - IGN into MongoDB
2018-03-24 19:21:22 - news_fetcher - INFO - [x] Fetcher message to Now Accepting Applications: IGN's Code Foo 2018 - IGN
2018-03-24 19:21:22 - news_deduper - INFO - [x] Insert Now Accepting Applications: IGN's Code Foo 2018 - IGN into MongoDB
2018-03-24 19:24:22 - news_monitor - INFO - [x] Sent message to Kids Choice Awards 2018: And the winners are...
2018-03-24 19:24:23 - news_fetcher - INFO - [x] Fetcher message to Kids Choice Awards 2018: And the winners are...
2018-03-24 19:24:24 - news_deduper - INFO - [x] Insert Kids Choice Awards 2018: And the winners are... into MongoDB
